mode: set
github.com/balchua/demo-jetstream/pkg/dtrace/trace.go:22.56,25.16 2 0
github.com/balchua/demo-jetstream/pkg/dtrace/trace.go:28.2,40.3 4 0
github.com/balchua/demo-jetstream/pkg/dtrace/trace.go:25.16,27.3 1 0
github.com/balchua/demo-jetstream/pkg/dtrace/trace.go:43.57,50.2 1 0
github.com/balchua/demo-jetstream/pkg/dtrace/trace.go:52.26,53.60 1 0
github.com/balchua/demo-jetstream/pkg/dtrace/trace.go:53.60,55.3 1 0
github.com/balchua/demo-jetstream/pkg/dtrace/trace.go:58.45,60.2 1 0
github.com/balchua/demo-jetstream/pkg/monitoring/monitor.go:20.93,27.2 1 0
github.com/balchua/demo-jetstream/pkg/monitoring/monitor.go:29.34,30.6 1 0
github.com/balchua/demo-jetstream/pkg/monitoring/monitor.go:30.6,32.3 1 0
github.com/balchua/demo-jetstream/pkg/monitoring/monitor.go:35.48,38.16 3 0
github.com/balchua/demo-jetstream/pkg/monitoring/monitor.go:42.2,47.57 6 0
github.com/balchua/demo-jetstream/pkg/monitoring/monitor.go:38.16,41.3 2 0
github.com/balchua/demo-jetstream/pkg/monitoring/monitor.go:50.59,52.39 1 0
github.com/balchua/demo-jetstream/pkg/monitoring/monitor.go:52.39,53.27 1 0
github.com/balchua/demo-jetstream/pkg/monitoring/monitor.go:53.27,54.24 1 0
github.com/balchua/demo-jetstream/pkg/monitoring/monitor.go:54.24,55.33 1 0
github.com/balchua/demo-jetstream/pkg/monitoring/monitor.go:55.33,56.39 1 0
github.com/balchua/demo-jetstream/pkg/monitoring/monitor.go:56.39,57.71 1 0
github.com/balchua/demo-jetstream/pkg/monitoring/monitor.go:57.71,59.24 2 0
github.com/balchua/demo-jetstream/pkg/monitoring/monitor.go:59.24,61.14 2 0
github.com/balchua/demo-jetstream/pkg/infra/jetstream.go:14.76,20.16 5 0
github.com/balchua/demo-jetstream/pkg/infra/jetstream.go:24.2,26.16 2 0
github.com/balchua/demo-jetstream/pkg/infra/jetstream.go:30.2,32.16 2 0
github.com/balchua/demo-jetstream/pkg/infra/jetstream.go:36.2,39.8 1 0
github.com/balchua/demo-jetstream/pkg/infra/jetstream.go:20.16,22.3 1 0
github.com/balchua/demo-jetstream/pkg/infra/jetstream.go:26.16,28.3 1 0
github.com/balchua/demo-jetstream/pkg/infra/jetstream.go:32.16,34.3 1 0
github.com/balchua/demo-jetstream/pkg/infra/jetstream.go:42.103,45.16 2 0
github.com/balchua/demo-jetstream/pkg/infra/jetstream.go:48.2,50.75 2 0
github.com/balchua/demo-jetstream/pkg/infra/jetstream.go:53.2,53.12 1 0
github.com/balchua/demo-jetstream/pkg/infra/jetstream.go:45.16,47.3 1 0
github.com/balchua/demo-jetstream/pkg/infra/jetstream.go:50.75,52.3 1 0
github.com/balchua/demo-jetstream/pkg/infra/jetstream.go:56.109,60.16 3 0
github.com/balchua/demo-jetstream/pkg/infra/jetstream.go:64.2,64.12 1 0
github.com/balchua/demo-jetstream/pkg/infra/jetstream.go:60.16,62.3 1 0
github.com/balchua/demo-jetstream/pkg/infra/jetstream.go:67.41,69.2 1 0
github.com/balchua/demo-jetstream/pkg/infra/jetstream.go:71.84,74.16 3 0
github.com/balchua/demo-jetstream/pkg/infra/jetstream.go:77.2,77.62 1 0
github.com/balchua/demo-jetstream/pkg/infra/jetstream.go:80.2,80.21 1 0
github.com/balchua/demo-jetstream/pkg/infra/jetstream.go:74.16,76.3 1 0
github.com/balchua/demo-jetstream/pkg/infra/jetstream.go:77.62,79.3 1 0
github.com/balchua/demo-jetstream/pkg/infra/mock_nats.go:13.52,16.2 2 0
github.com/balchua/demo-jetstream/pkg/infra/mock_nats.go:18.66,21.2 2 1
github.com/balchua/demo-jetstream/pkg/infra/mock_nats.go:23.89,26.2 2 1
github.com/balchua/demo-jetstream/pkg/infra/mock_nats.go:28.28,30.2 1 0
github.com/balchua/demo-jetstream/pkg/infra/types.go:28.50,35.2 2 1
github.com/balchua/demo-jetstream/pkg/infra/types.go:37.56,38.18 1 0
github.com/balchua/demo-jetstream/pkg/infra/types.go:41.2,41.21 1 0
github.com/balchua/demo-jetstream/pkg/infra/types.go:38.18,40.3 1 0
github.com/balchua/demo-jetstream/pkg/infra/types.go:44.52,45.18 1 1
github.com/balchua/demo-jetstream/pkg/infra/types.go:48.2,48.30 1 1
github.com/balchua/demo-jetstream/pkg/infra/types.go:45.18,47.3 1 0
github.com/balchua/demo-jetstream/pkg/infra/types.go:51.40,52.18 1 1
github.com/balchua/demo-jetstream/pkg/infra/types.go:55.2,55.19 1 1
github.com/balchua/demo-jetstream/pkg/infra/types.go:52.18,54.3 1 0
github.com/balchua/demo-jetstream/pkg/infra/types.go:58.59,60.2 1 0
github.com/balchua/demo-jetstream/pkg/infra/types.go:62.44,64.2 1 1
github.com/balchua/demo-jetstream/pkg/infra/types.go:66.29,68.2 1 1
github.com/balchua/demo-jetstream/pkg/infra/types.go:70.30,72.2 1 0
github.com/balchua/demo-jetstream/pkg/infra/types.go:74.60,76.2 1 0
github.com/balchua/demo-jetstream/pkg/consumer/consumer.go:21.49,26.2 1 1
github.com/balchua/demo-jetstream/pkg/consumer/consumer.go:28.124,30.16 2 1
github.com/balchua/demo-jetstream/pkg/consumer/consumer.go:36.2,36.6 1 1
github.com/balchua/demo-jetstream/pkg/consumer/consumer.go:30.16,34.3 3 1
github.com/balchua/demo-jetstream/pkg/consumer/consumer.go:36.6,37.10 1 1
github.com/balchua/demo-jetstream/pkg/consumer/consumer.go:44.3,46.17 2 1
github.com/balchua/demo-jetstream/pkg/consumer/consumer.go:51.3,51.28 1 1
github.com/balchua/demo-jetstream/pkg/consumer/consumer.go:70.3,70.60 1 1
github.com/balchua/demo-jetstream/pkg/consumer/consumer.go:38.21,41.10 3 1
github.com/balchua/demo-jetstream/pkg/consumer/consumer.go:42.11,42.11 0 1
github.com/balchua/demo-jetstream/pkg/consumer/consumer.go:46.17,50.4 3 1
github.com/balchua/demo-jetstream/pkg/consumer/consumer.go:51.28,63.18 12 1
github.com/balchua/demo-jetstream/pkg/consumer/consumer.go:66.4,68.14 3 1
github.com/balchua/demo-jetstream/pkg/consumer/consumer.go:63.18,65.5 1 1
github.com/balchua/demo-jetstream/pkg/infra/nats.go:17.66,20.16 2 0
github.com/balchua/demo-jetstream/pkg/infra/nats.go:24.2,25.16 2 0
github.com/balchua/demo-jetstream/pkg/infra/nats.go:29.2,30.16 2 0
github.com/balchua/demo-jetstream/pkg/infra/nats.go:34.2,39.22 2 0
github.com/balchua/demo-jetstream/pkg/infra/nats.go:20.16,22.3 1 0
github.com/balchua/demo-jetstream/pkg/infra/nats.go:25.16,27.3 1 0
github.com/balchua/demo-jetstream/pkg/infra/nats.go:30.16,32.3 1 0
github.com/balchua/demo-jetstream/pkg/infra/nats.go:42.52,44.16 1 0
github.com/balchua/demo-jetstream/pkg/infra/nats.go:48.2,52.16 3 0
github.com/balchua/demo-jetstream/pkg/infra/nats.go:56.2,56.12 1 0
github.com/balchua/demo-jetstream/pkg/infra/nats.go:44.16,46.3 1 0
github.com/balchua/demo-jetstream/pkg/infra/nats.go:52.16,54.3 1 0
github.com/balchua/demo-jetstream/pkg/infra/nats.go:59.40,60.36 1 0
github.com/balchua/demo-jetstream/pkg/infra/nats.go:60.36,62.3 1 0
github.com/balchua/demo-jetstream/pkg/infra/nats.go:65.66,68.16 3 0
github.com/balchua/demo-jetstream/pkg/infra/nats.go:71.2,71.12 1 0
github.com/balchua/demo-jetstream/pkg/infra/nats.go:68.16,70.3 1 0
github.com/balchua/demo-jetstream/pkg/infra/nats.go:74.89,78.16 3 0
github.com/balchua/demo-jetstream/pkg/infra/nats.go:88.2,88.27 1 0
github.com/balchua/demo-jetstream/pkg/infra/nats.go:94.2,94.26 1 0
github.com/balchua/demo-jetstream/pkg/infra/nats.go:78.16,82.34 1 0
github.com/balchua/demo-jetstream/pkg/infra/nats.go:82.34,85.4 2 0
github.com/balchua/demo-jetstream/pkg/infra/nats.go:88.27,93.3 2 0
github.com/balchua/demo-jetstream/pkg/infra/nats.go:98.28,100.2 1 0
github.com/balchua/demo-jetstream/pkg/infra/setup.go:19.141,31.2 3 0
github.com/balchua/demo-jetstream/pkg/infra/setup.go:32.36,34.142 1 0
github.com/balchua/demo-jetstream/pkg/infra/setup.go:38.2,43.34 1 0
github.com/balchua/demo-jetstream/pkg/infra/setup.go:47.2,47.12 1 0
github.com/balchua/demo-jetstream/pkg/infra/setup.go:34.142,36.3 1 0
github.com/balchua/demo-jetstream/pkg/infra/setup.go:43.34,45.3 1 0
github.com/balchua/demo-jetstream/pkg/dtrace/carrier.go:11.71,13.2 1 1
github.com/balchua/demo-jetstream/pkg/dtrace/carrier.go:15.52,16.43 1 0
github.com/balchua/demo-jetstream/pkg/dtrace/carrier.go:21.2,21.11 1 0
github.com/balchua/demo-jetstream/pkg/dtrace/carrier.go:16.43,17.23 1 0
github.com/balchua/demo-jetstream/pkg/dtrace/carrier.go:17.23,19.4 1 0
github.com/balchua/demo-jetstream/pkg/dtrace/carrier.go:25.50,27.2 1 0
github.com/balchua/demo-jetstream/pkg/dtrace/carrier.go:29.45,32.36 3 0
github.com/balchua/demo-jetstream/pkg/dtrace/carrier.go:36.2,36.12 1 0
github.com/balchua/demo-jetstream/pkg/dtrace/carrier.go:32.36,35.3 2 0
github.com/balchua/demo-jetstream/pkg/test_util/test_util.go:9.13,14.2 3 1
github.com/balchua/demo-jetstream/pkg/publisher/publish_message.go:17.77,22.2 1 0
github.com/balchua/demo-jetstream/pkg/publisher/publish_message.go:24.107,38.16 12 0
github.com/balchua/demo-jetstream/pkg/publisher/publish_message.go:42.2,42.12 1 0
github.com/balchua/demo-jetstream/pkg/publisher/publish_message.go:38.16,40.3 1 0
github.com/balchua/demo-jetstream/pkg/infra/mock_nats.go:13.52,16.2 2 0
github.com/balchua/demo-jetstream/pkg/infra/mock_nats.go:18.66,21.2 2 0
github.com/balchua/demo-jetstream/pkg/infra/mock_nats.go:23.89,26.2 2 0
github.com/balchua/demo-jetstream/pkg/infra/mock_nats.go:28.28,30.2 1 0
github.com/balchua/demo-jetstream/pkg/test_util/test_util.go:9.13,14.2 3 1
github.com/balchua/demo-jetstream/pkg/consumer/consumer.go:21.49,26.2 1 0
github.com/balchua/demo-jetstream/pkg/consumer/consumer.go:28.124,30.16 2 0
github.com/balchua/demo-jetstream/pkg/consumer/consumer.go:36.2,36.6 1 0
github.com/balchua/demo-jetstream/pkg/consumer/consumer.go:30.16,34.3 3 0
github.com/balchua/demo-jetstream/pkg/consumer/consumer.go:36.6,37.10 1 0
github.com/balchua/demo-jetstream/pkg/consumer/consumer.go:44.3,46.17 2 0
github.com/balchua/demo-jetstream/pkg/consumer/consumer.go:51.3,51.28 1 0
github.com/balchua/demo-jetstream/pkg/consumer/consumer.go:70.3,70.60 1 0
github.com/balchua/demo-jetstream/pkg/consumer/consumer.go:38.21,41.10 3 0
github.com/balchua/demo-jetstream/pkg/consumer/consumer.go:42.11,42.11 0 0
github.com/balchua/demo-jetstream/pkg/consumer/consumer.go:46.17,50.4 3 0
github.com/balchua/demo-jetstream/pkg/consumer/consumer.go:51.28,63.18 12 0
github.com/balchua/demo-jetstream/pkg/consumer/consumer.go:66.4,68.14 3 0
github.com/balchua/demo-jetstream/pkg/consumer/consumer.go:63.18,65.5 1 0
github.com/balchua/demo-jetstream/pkg/monitoring/monitor.go:20.93,27.2 1 0
github.com/balchua/demo-jetstream/pkg/monitoring/monitor.go:29.34,30.6 1 0
github.com/balchua/demo-jetstream/pkg/monitoring/monitor.go:30.6,32.3 1 0
github.com/balchua/demo-jetstream/pkg/monitoring/monitor.go:35.48,38.16 3 0
github.com/balchua/demo-jetstream/pkg/monitoring/monitor.go:42.2,47.57 6 0
github.com/balchua/demo-jetstream/pkg/monitoring/monitor.go:38.16,41.3 2 0
github.com/balchua/demo-jetstream/pkg/monitoring/monitor.go:50.59,52.39 1 0
github.com/balchua/demo-jetstream/pkg/monitoring/monitor.go:52.39,53.27 1 0
github.com/balchua/demo-jetstream/pkg/monitoring/monitor.go:53.27,54.24 1 0
github.com/balchua/demo-jetstream/pkg/monitoring/monitor.go:54.24,55.33 1 0
github.com/balchua/demo-jetstream/pkg/monitoring/monitor.go:55.33,56.39 1 0
github.com/balchua/demo-jetstream/pkg/monitoring/monitor.go:56.39,57.71 1 0
github.com/balchua/demo-jetstream/pkg/monitoring/monitor.go:57.71,59.24 2 0
github.com/balchua/demo-jetstream/pkg/monitoring/monitor.go:59.24,61.14 2 0
github.com/balchua/demo-jetstream/pkg/infra/setup.go:19.141,31.2 3 0
github.com/balchua/demo-jetstream/pkg/infra/setup.go:32.36,34.142 1 0
github.com/balchua/demo-jetstream/pkg/infra/setup.go:38.2,43.34 1 0
github.com/balchua/demo-jetstream/pkg/infra/setup.go:47.2,47.12 1 0
github.com/balchua/demo-jetstream/pkg/infra/setup.go:34.142,36.3 1 0
github.com/balchua/demo-jetstream/pkg/infra/setup.go:43.34,45.3 1 0
github.com/balchua/demo-jetstream/pkg/publisher/publish_message.go:17.77,22.2 1 0
github.com/balchua/demo-jetstream/pkg/publisher/publish_message.go:24.107,38.16 12 0
github.com/balchua/demo-jetstream/pkg/publisher/publish_message.go:42.2,42.12 1 0
github.com/balchua/demo-jetstream/pkg/publisher/publish_message.go:38.16,40.3 1 0
github.com/balchua/demo-jetstream/pkg/dtrace/trace.go:22.56,25.16 2 1
github.com/balchua/demo-jetstream/pkg/dtrace/trace.go:28.2,40.3 4 1
github.com/balchua/demo-jetstream/pkg/dtrace/trace.go:25.16,27.3 1 0
github.com/balchua/demo-jetstream/pkg/dtrace/trace.go:43.57,50.2 1 1
github.com/balchua/demo-jetstream/pkg/dtrace/trace.go:52.26,53.60 1 1
github.com/balchua/demo-jetstream/pkg/dtrace/trace.go:53.60,55.3 1 0
github.com/balchua/demo-jetstream/pkg/dtrace/trace.go:58.45,60.2 1 1
github.com/balchua/demo-jetstream/pkg/infra/nats.go:17.66,20.16 2 0
github.com/balchua/demo-jetstream/pkg/infra/nats.go:24.2,25.16 2 0
github.com/balchua/demo-jetstream/pkg/infra/nats.go:29.2,30.16 2 0
github.com/balchua/demo-jetstream/pkg/infra/nats.go:34.2,39.22 2 0
github.com/balchua/demo-jetstream/pkg/infra/nats.go:20.16,22.3 1 0
github.com/balchua/demo-jetstream/pkg/infra/nats.go:25.16,27.3 1 0
github.com/balchua/demo-jetstream/pkg/infra/nats.go:30.16,32.3 1 0
github.com/balchua/demo-jetstream/pkg/infra/nats.go:42.52,44.16 1 0
github.com/balchua/demo-jetstream/pkg/infra/nats.go:48.2,52.16 3 0
github.com/balchua/demo-jetstream/pkg/infra/nats.go:56.2,56.12 1 0
github.com/balchua/demo-jetstream/pkg/infra/nats.go:44.16,46.3 1 0
github.com/balchua/demo-jetstream/pkg/infra/nats.go:52.16,54.3 1 0
github.com/balchua/demo-jetstream/pkg/infra/nats.go:59.40,60.36 1 0
github.com/balchua/demo-jetstream/pkg/infra/nats.go:60.36,62.3 1 0
github.com/balchua/demo-jetstream/pkg/infra/nats.go:65.66,68.16 3 0
github.com/balchua/demo-jetstream/pkg/infra/nats.go:71.2,71.12 1 0
github.com/balchua/demo-jetstream/pkg/infra/nats.go:68.16,70.3 1 0
github.com/balchua/demo-jetstream/pkg/infra/nats.go:74.89,78.16 3 0
github.com/balchua/demo-jetstream/pkg/infra/nats.go:88.2,88.27 1 0
github.com/balchua/demo-jetstream/pkg/infra/nats.go:94.2,94.26 1 0
github.com/balchua/demo-jetstream/pkg/infra/nats.go:78.16,82.34 1 0
github.com/balchua/demo-jetstream/pkg/infra/nats.go:82.34,85.4 2 0
github.com/balchua/demo-jetstream/pkg/infra/nats.go:88.27,93.3 2 0
github.com/balchua/demo-jetstream/pkg/infra/nats.go:98.28,100.2 1 0
github.com/balchua/demo-jetstream/pkg/dtrace/carrier.go:11.71,13.2 1 1
github.com/balchua/demo-jetstream/pkg/dtrace/carrier.go:15.52,16.43 1 1
github.com/balchua/demo-jetstream/pkg/dtrace/carrier.go:21.2,21.11 1 1
github.com/balchua/demo-jetstream/pkg/dtrace/carrier.go:16.43,17.23 1 1
github.com/balchua/demo-jetstream/pkg/dtrace/carrier.go:17.23,19.4 1 1
github.com/balchua/demo-jetstream/pkg/dtrace/carrier.go:25.50,27.2 1 1
github.com/balchua/demo-jetstream/pkg/dtrace/carrier.go:29.45,32.36 3 1
github.com/balchua/demo-jetstream/pkg/dtrace/carrier.go:36.2,36.12 1 1
github.com/balchua/demo-jetstream/pkg/dtrace/carrier.go:32.36,35.3 2 1
github.com/balchua/demo-jetstream/pkg/infra/jetstream.go:14.76,20.16 5 0
github.com/balchua/demo-jetstream/pkg/infra/jetstream.go:24.2,26.16 2 0
github.com/balchua/demo-jetstream/pkg/infra/jetstream.go:30.2,32.16 2 0
github.com/balchua/demo-jetstream/pkg/infra/jetstream.go:36.2,39.8 1 0
github.com/balchua/demo-jetstream/pkg/infra/jetstream.go:20.16,22.3 1 0
github.com/balchua/demo-jetstream/pkg/infra/jetstream.go:26.16,28.3 1 0
github.com/balchua/demo-jetstream/pkg/infra/jetstream.go:32.16,34.3 1 0
github.com/balchua/demo-jetstream/pkg/infra/jetstream.go:42.103,45.16 2 0
github.com/balchua/demo-jetstream/pkg/infra/jetstream.go:48.2,50.75 2 0
github.com/balchua/demo-jetstream/pkg/infra/jetstream.go:53.2,53.12 1 0
github.com/balchua/demo-jetstream/pkg/infra/jetstream.go:45.16,47.3 1 0
github.com/balchua/demo-jetstream/pkg/infra/jetstream.go:50.75,52.3 1 0
github.com/balchua/demo-jetstream/pkg/infra/jetstream.go:56.109,60.16 3 0
github.com/balchua/demo-jetstream/pkg/infra/jetstream.go:64.2,64.12 1 0
github.com/balchua/demo-jetstream/pkg/infra/jetstream.go:60.16,62.3 1 0
github.com/balchua/demo-jetstream/pkg/infra/jetstream.go:67.41,69.2 1 0
github.com/balchua/demo-jetstream/pkg/infra/jetstream.go:71.84,74.16 3 0
github.com/balchua/demo-jetstream/pkg/infra/jetstream.go:77.2,77.62 1 0
github.com/balchua/demo-jetstream/pkg/infra/jetstream.go:80.2,80.21 1 0
github.com/balchua/demo-jetstream/pkg/infra/jetstream.go:74.16,76.3 1 0
github.com/balchua/demo-jetstream/pkg/infra/jetstream.go:77.62,79.3 1 0
github.com/balchua/demo-jetstream/pkg/infra/types.go:28.50,35.2 2 1
github.com/balchua/demo-jetstream/pkg/infra/types.go:37.56,38.18 1 1
github.com/balchua/demo-jetstream/pkg/infra/types.go:41.2,41.21 1 1
github.com/balchua/demo-jetstream/pkg/infra/types.go:38.18,40.3 1 0
github.com/balchua/demo-jetstream/pkg/infra/types.go:44.52,45.18 1 0
github.com/balchua/demo-jetstream/pkg/infra/types.go:48.2,48.30 1 0
github.com/balchua/demo-jetstream/pkg/infra/types.go:45.18,47.3 1 0
github.com/balchua/demo-jetstream/pkg/infra/types.go:51.40,52.18 1 0
github.com/balchua/demo-jetstream/pkg/infra/types.go:55.2,55.19 1 0
github.com/balchua/demo-jetstream/pkg/infra/types.go:52.18,54.3 1 0
github.com/balchua/demo-jetstream/pkg/infra/types.go:58.59,60.2 1 1
github.com/balchua/demo-jetstream/pkg/infra/types.go:62.44,64.2 1 0
github.com/balchua/demo-jetstream/pkg/infra/types.go:66.29,68.2 1 0
github.com/balchua/demo-jetstream/pkg/infra/types.go:70.30,72.2 1 0
github.com/balchua/demo-jetstream/pkg/infra/types.go:74.60,76.2 1 0
github.com/balchua/demo-jetstream/pkg/infra/types.go:28.50,35.2 2 1
github.com/balchua/demo-jetstream/pkg/infra/types.go:37.56,38.18 1 1
github.com/balchua/demo-jetstream/pkg/infra/types.go:41.2,41.21 1 1
github.com/balchua/demo-jetstream/pkg/infra/types.go:38.18,40.3 1 0
github.com/balchua/demo-jetstream/pkg/infra/types.go:44.52,45.18 1 0
github.com/balchua/demo-jetstream/pkg/infra/types.go:48.2,48.30 1 0
github.com/balchua/demo-jetstream/pkg/infra/types.go:45.18,47.3 1 0
github.com/balchua/demo-jetstream/pkg/infra/types.go:51.40,52.18 1 0
github.com/balchua/demo-jetstream/pkg/infra/types.go:55.2,55.19 1 0
github.com/balchua/demo-jetstream/pkg/infra/types.go:52.18,54.3 1 0
github.com/balchua/demo-jetstream/pkg/infra/types.go:58.59,60.2 1 1
github.com/balchua/demo-jetstream/pkg/infra/types.go:62.44,64.2 1 1
github.com/balchua/demo-jetstream/pkg/infra/types.go:66.29,68.2 1 1
github.com/balchua/demo-jetstream/pkg/infra/types.go:70.30,72.2 1 0
github.com/balchua/demo-jetstream/pkg/infra/types.go:74.60,76.2 1 1
github.com/balchua/demo-jetstream/pkg/dtrace/trace.go:22.56,25.16 2 0
github.com/balchua/demo-jetstream/pkg/dtrace/trace.go:28.2,40.3 4 0
github.com/balchua/demo-jetstream/pkg/dtrace/trace.go:25.16,27.3 1 0
github.com/balchua/demo-jetstream/pkg/dtrace/trace.go:43.57,50.2 1 0
github.com/balchua/demo-jetstream/pkg/dtrace/trace.go:52.26,53.60 1 0
github.com/balchua/demo-jetstream/pkg/dtrace/trace.go:53.60,55.3 1 0
github.com/balchua/demo-jetstream/pkg/dtrace/trace.go:58.45,60.2 1 0
github.com/balchua/demo-jetstream/pkg/consumer/consumer.go:21.49,26.2 1 0
github.com/balchua/demo-jetstream/pkg/consumer/consumer.go:28.124,30.16 2 0
github.com/balchua/demo-jetstream/pkg/consumer/consumer.go:36.2,36.6 1 0
github.com/balchua/demo-jetstream/pkg/consumer/consumer.go:30.16,34.3 3 0
github.com/balchua/demo-jetstream/pkg/consumer/consumer.go:36.6,37.10 1 0
github.com/balchua/demo-jetstream/pkg/consumer/consumer.go:44.3,46.17 2 0
github.com/balchua/demo-jetstream/pkg/consumer/consumer.go:51.3,51.28 1 0
github.com/balchua/demo-jetstream/pkg/consumer/consumer.go:70.3,70.60 1 0
github.com/balchua/demo-jetstream/pkg/consumer/consumer.go:38.21,41.10 3 0
github.com/balchua/demo-jetstream/pkg/consumer/consumer.go:42.11,42.11 0 0
github.com/balchua/demo-jetstream/pkg/consumer/consumer.go:46.17,50.4 3 0
github.com/balchua/demo-jetstream/pkg/consumer/consumer.go:51.28,63.18 12 0
github.com/balchua/demo-jetstream/pkg/consumer/consumer.go:66.4,68.14 3 0
github.com/balchua/demo-jetstream/pkg/consumer/consumer.go:63.18,65.5 1 0
github.com/balchua/demo-jetstream/pkg/test_util/test_util.go:9.13,14.2 3 1
github.com/balchua/demo-jetstream/pkg/dtrace/carrier.go:11.71,13.2 1 0
github.com/balchua/demo-jetstream/pkg/dtrace/carrier.go:15.52,16.43 1 0
github.com/balchua/demo-jetstream/pkg/dtrace/carrier.go:21.2,21.11 1 0
github.com/balchua/demo-jetstream/pkg/dtrace/carrier.go:16.43,17.23 1 0
github.com/balchua/demo-jetstream/pkg/dtrace/carrier.go:17.23,19.4 1 0
github.com/balchua/demo-jetstream/pkg/dtrace/carrier.go:25.50,27.2 1 0
github.com/balchua/demo-jetstream/pkg/dtrace/carrier.go:29.45,32.36 3 0
github.com/balchua/demo-jetstream/pkg/dtrace/carrier.go:36.2,36.12 1 0
github.com/balchua/demo-jetstream/pkg/dtrace/carrier.go:32.36,35.3 2 0
github.com/balchua/demo-jetstream/pkg/publisher/publish_message.go:17.77,22.2 1 0
github.com/balchua/demo-jetstream/pkg/publisher/publish_message.go:24.107,38.16 12 0
github.com/balchua/demo-jetstream/pkg/publisher/publish_message.go:42.2,42.12 1 0
github.com/balchua/demo-jetstream/pkg/publisher/publish_message.go:38.16,40.3 1 0
github.com/balchua/demo-jetstream/pkg/infra/mock_nats.go:13.52,16.2 2 0
github.com/balchua/demo-jetstream/pkg/infra/mock_nats.go:18.66,21.2 2 0
github.com/balchua/demo-jetstream/pkg/infra/mock_nats.go:23.89,26.2 2 0
github.com/balchua/demo-jetstream/pkg/infra/mock_nats.go:28.28,30.2 1 0
github.com/balchua/demo-jetstream/pkg/infra/nats.go:17.66,20.16 2 1
github.com/balchua/demo-jetstream/pkg/infra/nats.go:24.2,25.16 2 1
github.com/balchua/demo-jetstream/pkg/infra/nats.go:29.2,30.16 2 1
github.com/balchua/demo-jetstream/pkg/infra/nats.go:34.2,39.22 2 1
github.com/balchua/demo-jetstream/pkg/infra/nats.go:20.16,22.3 1 0
github.com/balchua/demo-jetstream/pkg/infra/nats.go:25.16,27.3 1 0
github.com/balchua/demo-jetstream/pkg/infra/nats.go:30.16,32.3 1 0
github.com/balchua/demo-jetstream/pkg/infra/nats.go:42.52,44.16 1 1
github.com/balchua/demo-jetstream/pkg/infra/nats.go:48.2,52.16 3 1
github.com/balchua/demo-jetstream/pkg/infra/nats.go:56.2,56.12 1 1
github.com/balchua/demo-jetstream/pkg/infra/nats.go:44.16,46.3 1 0
github.com/balchua/demo-jetstream/pkg/infra/nats.go:52.16,54.3 1 0
github.com/balchua/demo-jetstream/pkg/infra/nats.go:59.40,60.36 1 1
github.com/balchua/demo-jetstream/pkg/infra/nats.go:60.36,62.3 1 1
github.com/balchua/demo-jetstream/pkg/infra/nats.go:65.66,68.16 3 1
github.com/balchua/demo-jetstream/pkg/infra/nats.go:71.2,71.12 1 1
github.com/balchua/demo-jetstream/pkg/infra/nats.go:68.16,70.3 1 0
github.com/balchua/demo-jetstream/pkg/infra/nats.go:74.89,78.16 3 1
github.com/balchua/demo-jetstream/pkg/infra/nats.go:88.2,88.27 1 1
github.com/balchua/demo-jetstream/pkg/infra/nats.go:94.2,94.26 1 1
github.com/balchua/demo-jetstream/pkg/infra/nats.go:78.16,82.34 1 0
github.com/balchua/demo-jetstream/pkg/infra/nats.go:82.34,85.4 2 0
github.com/balchua/demo-jetstream/pkg/infra/nats.go:88.27,93.3 2 1
github.com/balchua/demo-jetstream/pkg/infra/nats.go:98.28,100.2 1 1
github.com/balchua/demo-jetstream/pkg/infra/setup.go:19.141,31.2 3 1
github.com/balchua/demo-jetstream/pkg/infra/setup.go:32.36,34.142 1 1
github.com/balchua/demo-jetstream/pkg/infra/setup.go:38.2,43.34 1 1
github.com/balchua/demo-jetstream/pkg/infra/setup.go:47.2,47.12 1 1
github.com/balchua/demo-jetstream/pkg/infra/setup.go:34.142,36.3 1 0
github.com/balchua/demo-jetstream/pkg/infra/setup.go:43.34,45.3 1 0
github.com/balchua/demo-jetstream/pkg/monitoring/monitor.go:20.93,27.2 1 0
github.com/balchua/demo-jetstream/pkg/monitoring/monitor.go:29.34,30.6 1 0
github.com/balchua/demo-jetstream/pkg/monitoring/monitor.go:30.6,32.3 1 0
github.com/balchua/demo-jetstream/pkg/monitoring/monitor.go:35.48,38.16 3 0
github.com/balchua/demo-jetstream/pkg/monitoring/monitor.go:42.2,47.57 6 0
github.com/balchua/demo-jetstream/pkg/monitoring/monitor.go:38.16,41.3 2 0
github.com/balchua/demo-jetstream/pkg/monitoring/monitor.go:50.59,52.39 1 0
github.com/balchua/demo-jetstream/pkg/monitoring/monitor.go:52.39,53.27 1 0
github.com/balchua/demo-jetstream/pkg/monitoring/monitor.go:53.27,54.24 1 0
github.com/balchua/demo-jetstream/pkg/monitoring/monitor.go:54.24,55.33 1 0
github.com/balchua/demo-jetstream/pkg/monitoring/monitor.go:55.33,56.39 1 0
github.com/balchua/demo-jetstream/pkg/monitoring/monitor.go:56.39,57.71 1 0
github.com/balchua/demo-jetstream/pkg/monitoring/monitor.go:57.71,59.24 2 0
github.com/balchua/demo-jetstream/pkg/monitoring/monitor.go:59.24,61.14 2 0
github.com/balchua/demo-jetstream/pkg/infra/jetstream.go:14.76,20.16 5 1
github.com/balchua/demo-jetstream/pkg/infra/jetstream.go:24.2,26.16 2 1
github.com/balchua/demo-jetstream/pkg/infra/jetstream.go:30.2,32.16 2 1
github.com/balchua/demo-jetstream/pkg/infra/jetstream.go:36.2,39.8 1 1
github.com/balchua/demo-jetstream/pkg/infra/jetstream.go:20.16,22.3 1 0
github.com/balchua/demo-jetstream/pkg/infra/jetstream.go:26.16,28.3 1 0
github.com/balchua/demo-jetstream/pkg/infra/jetstream.go:32.16,34.3 1 0
github.com/balchua/demo-jetstream/pkg/infra/jetstream.go:42.103,45.16 2 1
github.com/balchua/demo-jetstream/pkg/infra/jetstream.go:48.2,50.75 2 1
github.com/balchua/demo-jetstream/pkg/infra/jetstream.go:53.2,53.12 1 0
github.com/balchua/demo-jetstream/pkg/infra/jetstream.go:45.16,47.3 1 0
github.com/balchua/demo-jetstream/pkg/infra/jetstream.go:50.75,52.3 1 1
github.com/balchua/demo-jetstream/pkg/infra/jetstream.go:56.109,60.16 3 1
github.com/balchua/demo-jetstream/pkg/infra/jetstream.go:64.2,64.12 1 1
github.com/balchua/demo-jetstream/pkg/infra/jetstream.go:60.16,62.3 1 0
github.com/balchua/demo-jetstream/pkg/infra/jetstream.go:67.41,69.2 1 1
github.com/balchua/demo-jetstream/pkg/infra/jetstream.go:71.84,74.16 3 1
github.com/balchua/demo-jetstream/pkg/infra/jetstream.go:77.2,77.62 1 1
github.com/balchua/demo-jetstream/pkg/infra/jetstream.go:80.2,80.21 1 1
github.com/balchua/demo-jetstream/pkg/infra/jetstream.go:74.16,76.3 1 0
github.com/balchua/demo-jetstream/pkg/infra/jetstream.go:77.62,79.3 1 0
github.com/balchua/demo-jetstream/pkg/dtrace/carrier.go:11.71,13.2 1 0
github.com/balchua/demo-jetstream/pkg/dtrace/carrier.go:15.52,16.43 1 0
github.com/balchua/demo-jetstream/pkg/dtrace/carrier.go:21.2,21.11 1 0
github.com/balchua/demo-jetstream/pkg/dtrace/carrier.go:16.43,17.23 1 0
github.com/balchua/demo-jetstream/pkg/dtrace/carrier.go:17.23,19.4 1 0
github.com/balchua/demo-jetstream/pkg/dtrace/carrier.go:25.50,27.2 1 0
github.com/balchua/demo-jetstream/pkg/dtrace/carrier.go:29.45,32.36 3 0
github.com/balchua/demo-jetstream/pkg/dtrace/carrier.go:36.2,36.12 1 0
github.com/balchua/demo-jetstream/pkg/dtrace/carrier.go:32.36,35.3 2 0
github.com/balchua/demo-jetstream/pkg/consumer/consumer.go:21.49,26.2 1 0
github.com/balchua/demo-jetstream/pkg/consumer/consumer.go:28.124,30.16 2 0
github.com/balchua/demo-jetstream/pkg/consumer/consumer.go:36.2,36.6 1 0
github.com/balchua/demo-jetstream/pkg/consumer/consumer.go:30.16,34.3 3 0
github.com/balchua/demo-jetstream/pkg/consumer/consumer.go:36.6,37.10 1 0
github.com/balchua/demo-jetstream/pkg/consumer/consumer.go:44.3,46.17 2 0
github.com/balchua/demo-jetstream/pkg/consumer/consumer.go:51.3,51.28 1 0
github.com/balchua/demo-jetstream/pkg/consumer/consumer.go:70.3,70.60 1 0
github.com/balchua/demo-jetstream/pkg/consumer/consumer.go:38.21,41.10 3 0
github.com/balchua/demo-jetstream/pkg/consumer/consumer.go:42.11,42.11 0 0
github.com/balchua/demo-jetstream/pkg/consumer/consumer.go:46.17,50.4 3 0
github.com/balchua/demo-jetstream/pkg/consumer/consumer.go:51.28,63.18 12 0
github.com/balchua/demo-jetstream/pkg/consumer/consumer.go:66.4,68.14 3 0
github.com/balchua/demo-jetstream/pkg/consumer/consumer.go:63.18,65.5 1 0
github.com/balchua/demo-jetstream/pkg/test_util/test_util.go:9.13,14.2 3 1
github.com/balchua/demo-jetstream/pkg/infra/nats.go:17.66,20.16 2 0
github.com/balchua/demo-jetstream/pkg/infra/nats.go:24.2,25.16 2 0
github.com/balchua/demo-jetstream/pkg/infra/nats.go:29.2,30.16 2 0
github.com/balchua/demo-jetstream/pkg/infra/nats.go:34.2,39.22 2 0
github.com/balchua/demo-jetstream/pkg/infra/nats.go:20.16,22.3 1 0
github.com/balchua/demo-jetstream/pkg/infra/nats.go:25.16,27.3 1 0
github.com/balchua/demo-jetstream/pkg/infra/nats.go:30.16,32.3 1 0
github.com/balchua/demo-jetstream/pkg/infra/nats.go:42.52,44.16 1 0
github.com/balchua/demo-jetstream/pkg/infra/nats.go:48.2,52.16 3 0
github.com/balchua/demo-jetstream/pkg/infra/nats.go:56.2,56.12 1 0
github.com/balchua/demo-jetstream/pkg/infra/nats.go:44.16,46.3 1 0
github.com/balchua/demo-jetstream/pkg/infra/nats.go:52.16,54.3 1 0
github.com/balchua/demo-jetstream/pkg/infra/nats.go:59.40,60.36 1 0
github.com/balchua/demo-jetstream/pkg/infra/nats.go:60.36,62.3 1 0
github.com/balchua/demo-jetstream/pkg/infra/nats.go:65.66,68.16 3 0
github.com/balchua/demo-jetstream/pkg/infra/nats.go:71.2,71.12 1 0
github.com/balchua/demo-jetstream/pkg/infra/nats.go:68.16,70.3 1 0
github.com/balchua/demo-jetstream/pkg/infra/nats.go:74.89,78.16 3 0
github.com/balchua/demo-jetstream/pkg/infra/nats.go:88.2,88.27 1 0
github.com/balchua/demo-jetstream/pkg/infra/nats.go:94.2,94.26 1 0
github.com/balchua/demo-jetstream/pkg/infra/nats.go:78.16,82.34 1 0
github.com/balchua/demo-jetstream/pkg/infra/nats.go:82.34,85.4 2 0
github.com/balchua/demo-jetstream/pkg/infra/nats.go:88.27,93.3 2 0
github.com/balchua/demo-jetstream/pkg/infra/nats.go:98.28,100.2 1 0
github.com/balchua/demo-jetstream/pkg/infra/types.go:28.50,35.2 2 0
github.com/balchua/demo-jetstream/pkg/infra/types.go:37.56,38.18 1 0
github.com/balchua/demo-jetstream/pkg/infra/types.go:41.2,41.21 1 0
github.com/balchua/demo-jetstream/pkg/infra/types.go:38.18,40.3 1 0
github.com/balchua/demo-jetstream/pkg/infra/types.go:44.52,45.18 1 0
github.com/balchua/demo-jetstream/pkg/infra/types.go:48.2,48.30 1 0
github.com/balchua/demo-jetstream/pkg/infra/types.go:45.18,47.3 1 0
github.com/balchua/demo-jetstream/pkg/infra/types.go:51.40,52.18 1 0
github.com/balchua/demo-jetstream/pkg/infra/types.go:55.2,55.19 1 0
github.com/balchua/demo-jetstream/pkg/infra/types.go:52.18,54.3 1 0
github.com/balchua/demo-jetstream/pkg/infra/types.go:58.59,60.2 1 0
github.com/balchua/demo-jetstream/pkg/infra/types.go:62.44,64.2 1 0
github.com/balchua/demo-jetstream/pkg/infra/types.go:66.29,68.2 1 0
github.com/balchua/demo-jetstream/pkg/infra/types.go:70.30,72.2 1 0
github.com/balchua/demo-jetstream/pkg/infra/types.go:74.60,76.2 1 0
github.com/balchua/demo-jetstream/pkg/infra/mock_nats.go:13.52,16.2 2 0
github.com/balchua/demo-jetstream/pkg/infra/mock_nats.go:18.66,21.2 2 0
github.com/balchua/demo-jetstream/pkg/infra/mock_nats.go:23.89,26.2 2 0
github.com/balchua/demo-jetstream/pkg/infra/mock_nats.go:28.28,30.2 1 0
github.com/balchua/demo-jetstream/pkg/monitoring/monitor.go:20.93,27.2 1 1
github.com/balchua/demo-jetstream/pkg/monitoring/monitor.go:29.34,30.6 1 1
github.com/balchua/demo-jetstream/pkg/monitoring/monitor.go:30.6,32.3 1 1
github.com/balchua/demo-jetstream/pkg/monitoring/monitor.go:35.48,38.16 3 1
github.com/balchua/demo-jetstream/pkg/monitoring/monitor.go:42.2,47.57 6 1
github.com/balchua/demo-jetstream/pkg/monitoring/monitor.go:38.16,41.3 2 1
github.com/balchua/demo-jetstream/pkg/monitoring/monitor.go:50.59,52.39 1 1
github.com/balchua/demo-jetstream/pkg/monitoring/monitor.go:52.39,53.27 1 1
github.com/balchua/demo-jetstream/pkg/monitoring/monitor.go:53.27,54.24 1 1
github.com/balchua/demo-jetstream/pkg/monitoring/monitor.go:54.24,55.33 1 1
github.com/balchua/demo-jetstream/pkg/monitoring/monitor.go:55.33,56.39 1 1
github.com/balchua/demo-jetstream/pkg/monitoring/monitor.go:56.39,57.71 1 1
github.com/balchua/demo-jetstream/pkg/monitoring/monitor.go:57.71,59.24 2 1
github.com/balchua/demo-jetstream/pkg/monitoring/monitor.go:59.24,61.14 2 1
github.com/balchua/demo-jetstream/pkg/infra/setup.go:19.141,31.2 3 0
github.com/balchua/demo-jetstream/pkg/infra/setup.go:32.36,34.142 1 0
github.com/balchua/demo-jetstream/pkg/infra/setup.go:38.2,43.34 1 0
github.com/balchua/demo-jetstream/pkg/infra/setup.go:47.2,47.12 1 0
github.com/balchua/demo-jetstream/pkg/infra/setup.go:34.142,36.3 1 0
github.com/balchua/demo-jetstream/pkg/infra/setup.go:43.34,45.3 1 0
github.com/balchua/demo-jetstream/pkg/publisher/publish_message.go:17.77,22.2 1 0
github.com/balchua/demo-jetstream/pkg/publisher/publish_message.go:24.107,38.16 12 0
github.com/balchua/demo-jetstream/pkg/publisher/publish_message.go:42.2,42.12 1 0
github.com/balchua/demo-jetstream/pkg/publisher/publish_message.go:38.16,40.3 1 0
github.com/balchua/demo-jetstream/pkg/infra/jetstream.go:14.76,20.16 5 0
github.com/balchua/demo-jetstream/pkg/infra/jetstream.go:24.2,26.16 2 0
github.com/balchua/demo-jetstream/pkg/infra/jetstream.go:30.2,32.16 2 0
github.com/balchua/demo-jetstream/pkg/infra/jetstream.go:36.2,39.8 1 0
github.com/balchua/demo-jetstream/pkg/infra/jetstream.go:20.16,22.3 1 0
github.com/balchua/demo-jetstream/pkg/infra/jetstream.go:26.16,28.3 1 0
github.com/balchua/demo-jetstream/pkg/infra/jetstream.go:32.16,34.3 1 0
github.com/balchua/demo-jetstream/pkg/infra/jetstream.go:42.103,45.16 2 0
github.com/balchua/demo-jetstream/pkg/infra/jetstream.go:48.2,50.75 2 0
github.com/balchua/demo-jetstream/pkg/infra/jetstream.go:53.2,53.12 1 0
github.com/balchua/demo-jetstream/pkg/infra/jetstream.go:45.16,47.3 1 0
github.com/balchua/demo-jetstream/pkg/infra/jetstream.go:50.75,52.3 1 0
github.com/balchua/demo-jetstream/pkg/infra/jetstream.go:56.109,60.16 3 0
github.com/balchua/demo-jetstream/pkg/infra/jetstream.go:64.2,64.12 1 0
github.com/balchua/demo-jetstream/pkg/infra/jetstream.go:60.16,62.3 1 0
github.com/balchua/demo-jetstream/pkg/infra/jetstream.go:67.41,69.2 1 0
github.com/balchua/demo-jetstream/pkg/infra/jetstream.go:71.84,74.16 3 0
github.com/balchua/demo-jetstream/pkg/infra/jetstream.go:77.2,77.62 1 0
github.com/balchua/demo-jetstream/pkg/infra/jetstream.go:80.2,80.21 1 0
github.com/balchua/demo-jetstream/pkg/infra/jetstream.go:74.16,76.3 1 0
github.com/balchua/demo-jetstream/pkg/infra/jetstream.go:77.62,79.3 1 0
github.com/balchua/demo-jetstream/pkg/dtrace/trace.go:22.56,25.16 2 0
github.com/balchua/demo-jetstream/pkg/dtrace/trace.go:28.2,40.3 4 0
github.com/balchua/demo-jetstream/pkg/dtrace/trace.go:25.16,27.3 1 0
github.com/balchua/demo-jetstream/pkg/dtrace/trace.go:43.57,50.2 1 0
github.com/balchua/demo-jetstream/pkg/dtrace/trace.go:52.26,53.60 1 0
github.com/balchua/demo-jetstream/pkg/dtrace/trace.go:53.60,55.3 1 0
github.com/balchua/demo-jetstream/pkg/dtrace/trace.go:58.45,60.2 1 0
github.com/balchua/demo-jetstream/pkg/monitoring/monitor.go:20.93,27.2 1 0
github.com/balchua/demo-jetstream/pkg/monitoring/monitor.go:29.34,30.6 1 0
github.com/balchua/demo-jetstream/pkg/monitoring/monitor.go:30.6,32.3 1 0
github.com/balchua/demo-jetstream/pkg/monitoring/monitor.go:35.48,38.16 3 0
github.com/balchua/demo-jetstream/pkg/monitoring/monitor.go:42.2,47.57 6 0
github.com/balchua/demo-jetstream/pkg/monitoring/monitor.go:38.16,41.3 2 0
github.com/balchua/demo-jetstream/pkg/monitoring/monitor.go:50.59,52.39 1 0
github.com/balchua/demo-jetstream/pkg/monitoring/monitor.go:52.39,53.27 1 0
github.com/balchua/demo-jetstream/pkg/monitoring/monitor.go:53.27,54.24 1 0
github.com/balchua/demo-jetstream/pkg/monitoring/monitor.go:54.24,55.33 1 0
github.com/balchua/demo-jetstream/pkg/monitoring/monitor.go:55.33,56.39 1 0
github.com/balchua/demo-jetstream/pkg/monitoring/monitor.go:56.39,57.71 1 0
github.com/balchua/demo-jetstream/pkg/monitoring/monitor.go:57.71,59.24 2 0
github.com/balchua/demo-jetstream/pkg/monitoring/monitor.go:59.24,61.14 2 0
github.com/balchua/demo-jetstream/pkg/infra/mock_nats.go:13.52,16.2 2 1
github.com/balchua/demo-jetstream/pkg/infra/mock_nats.go:18.66,21.2 2 0
github.com/balchua/demo-jetstream/pkg/infra/mock_nats.go:23.89,26.2 2 0
github.com/balchua/demo-jetstream/pkg/infra/mock_nats.go:28.28,30.2 1 0
github.com/balchua/demo-jetstream/pkg/infra/types.go:28.50,35.2 2 1
github.com/balchua/demo-jetstream/pkg/infra/types.go:37.56,38.18 1 0
github.com/balchua/demo-jetstream/pkg/infra/types.go:41.2,41.21 1 0
github.com/balchua/demo-jetstream/pkg/infra/types.go:38.18,40.3 1 0
github.com/balchua/demo-jetstream/pkg/infra/types.go:44.52,45.18 1 0
github.com/balchua/demo-jetstream/pkg/infra/types.go:48.2,48.30 1 0
github.com/balchua/demo-jetstream/pkg/infra/types.go:45.18,47.3 1 0
github.com/balchua/demo-jetstream/pkg/infra/types.go:51.40,52.18 1 0
github.com/balchua/demo-jetstream/pkg/infra/types.go:55.2,55.19 1 0
github.com/balchua/demo-jetstream/pkg/infra/types.go:52.18,54.3 1 0
github.com/balchua/demo-jetstream/pkg/infra/types.go:58.59,60.2 1 1
github.com/balchua/demo-jetstream/pkg/infra/types.go:62.44,64.2 1 1
github.com/balchua/demo-jetstream/pkg/infra/types.go:66.29,68.2 1 0
github.com/balchua/demo-jetstream/pkg/infra/types.go:70.30,72.2 1 0
github.com/balchua/demo-jetstream/pkg/infra/types.go:74.60,76.2 1 0
github.com/balchua/demo-jetstream/pkg/infra/setup.go:19.141,31.2 3 0
github.com/balchua/demo-jetstream/pkg/infra/setup.go:32.36,34.142 1 0
github.com/balchua/demo-jetstream/pkg/infra/setup.go:38.2,43.34 1 0
github.com/balchua/demo-jetstream/pkg/infra/setup.go:47.2,47.12 1 0
github.com/balchua/demo-jetstream/pkg/infra/setup.go:34.142,36.3 1 0
github.com/balchua/demo-jetstream/pkg/infra/setup.go:43.34,45.3 1 0
github.com/balchua/demo-jetstream/pkg/dtrace/trace.go:22.56,25.16 2 0
github.com/balchua/demo-jetstream/pkg/dtrace/trace.go:28.2,40.3 4 0
github.com/balchua/demo-jetstream/pkg/dtrace/trace.go:25.16,27.3 1 0
github.com/balchua/demo-jetstream/pkg/dtrace/trace.go:43.57,50.2 1 0
github.com/balchua/demo-jetstream/pkg/dtrace/trace.go:52.26,53.60 1 0
github.com/balchua/demo-jetstream/pkg/dtrace/trace.go:53.60,55.3 1 0
github.com/balchua/demo-jetstream/pkg/dtrace/trace.go:58.45,60.2 1 0
github.com/balchua/demo-jetstream/pkg/infra/nats.go:17.66,20.16 2 0
github.com/balchua/demo-jetstream/pkg/infra/nats.go:24.2,25.16 2 0
github.com/balchua/demo-jetstream/pkg/infra/nats.go:29.2,30.16 2 0
github.com/balchua/demo-jetstream/pkg/infra/nats.go:34.2,39.22 2 0
github.com/balchua/demo-jetstream/pkg/infra/nats.go:20.16,22.3 1 0
github.com/balchua/demo-jetstream/pkg/infra/nats.go:25.16,27.3 1 0
github.com/balchua/demo-jetstream/pkg/infra/nats.go:30.16,32.3 1 0
github.com/balchua/demo-jetstream/pkg/infra/nats.go:42.52,44.16 1 0
github.com/balchua/demo-jetstream/pkg/infra/nats.go:48.2,52.16 3 0
github.com/balchua/demo-jetstream/pkg/infra/nats.go:56.2,56.12 1 0
github.com/balchua/demo-jetstream/pkg/infra/nats.go:44.16,46.3 1 0
github.com/balchua/demo-jetstream/pkg/infra/nats.go:52.16,54.3 1 0
github.com/balchua/demo-jetstream/pkg/infra/nats.go:59.40,60.36 1 0
github.com/balchua/demo-jetstream/pkg/infra/nats.go:60.36,62.3 1 0
github.com/balchua/demo-jetstream/pkg/infra/nats.go:65.66,68.16 3 0
github.com/balchua/demo-jetstream/pkg/infra/nats.go:71.2,71.12 1 0
github.com/balchua/demo-jetstream/pkg/infra/nats.go:68.16,70.3 1 0
github.com/balchua/demo-jetstream/pkg/infra/nats.go:74.89,78.16 3 0
github.com/balchua/demo-jetstream/pkg/infra/nats.go:88.2,88.27 1 0
github.com/balchua/demo-jetstream/pkg/infra/nats.go:94.2,94.26 1 0
github.com/balchua/demo-jetstream/pkg/infra/nats.go:78.16,82.34 1 0
github.com/balchua/demo-jetstream/pkg/infra/nats.go:82.34,85.4 2 0
github.com/balchua/demo-jetstream/pkg/infra/nats.go:88.27,93.3 2 0
github.com/balchua/demo-jetstream/pkg/infra/nats.go:98.28,100.2 1 0
github.com/balchua/demo-jetstream/pkg/publisher/publish_message.go:17.77,22.2 1 1
github.com/balchua/demo-jetstream/pkg/publisher/publish_message.go:24.107,38.16 12 1
github.com/balchua/demo-jetstream/pkg/publisher/publish_message.go:42.2,42.12 1 1
github.com/balchua/demo-jetstream/pkg/publisher/publish_message.go:38.16,40.3 1 1
github.com/balchua/demo-jetstream/pkg/infra/jetstream.go:14.76,20.16 5 0
github.com/balchua/demo-jetstream/pkg/infra/jetstream.go:24.2,26.16 2 0
github.com/balchua/demo-jetstream/pkg/infra/jetstream.go:30.2,32.16 2 0
github.com/balchua/demo-jetstream/pkg/infra/jetstream.go:36.2,39.8 1 0
github.com/balchua/demo-jetstream/pkg/infra/jetstream.go:20.16,22.3 1 0
github.com/balchua/demo-jetstream/pkg/infra/jetstream.go:26.16,28.3 1 0
github.com/balchua/demo-jetstream/pkg/infra/jetstream.go:32.16,34.3 1 0
github.com/balchua/demo-jetstream/pkg/infra/jetstream.go:42.103,45.16 2 0
github.com/balchua/demo-jetstream/pkg/infra/jetstream.go:48.2,50.75 2 0
github.com/balchua/demo-jetstream/pkg/infra/jetstream.go:53.2,53.12 1 0
github.com/balchua/demo-jetstream/pkg/infra/jetstream.go:45.16,47.3 1 0
github.com/balchua/demo-jetstream/pkg/infra/jetstream.go:50.75,52.3 1 0
github.com/balchua/demo-jetstream/pkg/infra/jetstream.go:56.109,60.16 3 0
github.com/balchua/demo-jetstream/pkg/infra/jetstream.go:64.2,64.12 1 0
github.com/balchua/demo-jetstream/pkg/infra/jetstream.go:60.16,62.3 1 0
github.com/balchua/demo-jetstream/pkg/infra/jetstream.go:67.41,69.2 1 0
github.com/balchua/demo-jetstream/pkg/infra/jetstream.go:71.84,74.16 3 0
github.com/balchua/demo-jetstream/pkg/infra/jetstream.go:77.2,77.62 1 0
github.com/balchua/demo-jetstream/pkg/infra/jetstream.go:80.2,80.21 1 0
github.com/balchua/demo-jetstream/pkg/infra/jetstream.go:74.16,76.3 1 0
github.com/balchua/demo-jetstream/pkg/infra/jetstream.go:77.62,79.3 1 0
github.com/balchua/demo-jetstream/pkg/dtrace/carrier.go:11.71,13.2 1 1
github.com/balchua/demo-jetstream/pkg/dtrace/carrier.go:15.52,16.43 1 0
github.com/balchua/demo-jetstream/pkg/dtrace/carrier.go:21.2,21.11 1 0
github.com/balchua/demo-jetstream/pkg/dtrace/carrier.go:16.43,17.23 1 0
github.com/balchua/demo-jetstream/pkg/dtrace/carrier.go:17.23,19.4 1 0
github.com/balchua/demo-jetstream/pkg/dtrace/carrier.go:25.50,27.2 1 0
github.com/balchua/demo-jetstream/pkg/dtrace/carrier.go:29.45,32.36 3 0
github.com/balchua/demo-jetstream/pkg/dtrace/carrier.go:36.2,36.12 1 0
github.com/balchua/demo-jetstream/pkg/dtrace/carrier.go:32.36,35.3 2 0
github.com/balchua/demo-jetstream/pkg/consumer/consumer.go:21.49,26.2 1 0
github.com/balchua/demo-jetstream/pkg/consumer/consumer.go:28.124,30.16 2 0
github.com/balchua/demo-jetstream/pkg/consumer/consumer.go:36.2,36.6 1 0
github.com/balchua/demo-jetstream/pkg/consumer/consumer.go:30.16,34.3 3 0
github.com/balchua/demo-jetstream/pkg/consumer/consumer.go:36.6,37.10 1 0
github.com/balchua/demo-jetstream/pkg/consumer/consumer.go:44.3,46.17 2 0
github.com/balchua/demo-jetstream/pkg/consumer/consumer.go:51.3,51.28 1 0
github.com/balchua/demo-jetstream/pkg/consumer/consumer.go:70.3,70.60 1 0
github.com/balchua/demo-jetstream/pkg/consumer/consumer.go:38.21,41.10 3 0
github.com/balchua/demo-jetstream/pkg/consumer/consumer.go:42.11,42.11 0 0
github.com/balchua/demo-jetstream/pkg/consumer/consumer.go:46.17,50.4 3 0
github.com/balchua/demo-jetstream/pkg/consumer/consumer.go:51.28,63.18 12 0
github.com/balchua/demo-jetstream/pkg/consumer/consumer.go:66.4,68.14 3 0
github.com/balchua/demo-jetstream/pkg/consumer/consumer.go:63.18,65.5 1 0
github.com/balchua/demo-jetstream/pkg/test_util/test_util.go:9.13,14.2 3 1
