mode: set
github.com/balchua/demo-jetstream/pkg/consumer/consumer.go:23.95,29.2 1 1
github.com/balchua/demo-jetstream/pkg/consumer/consumer.go:31.124,33.16 2 1
github.com/balchua/demo-jetstream/pkg/consumer/consumer.go:39.2,39.6 1 1
github.com/balchua/demo-jetstream/pkg/consumer/consumer.go:33.16,37.3 3 1
github.com/balchua/demo-jetstream/pkg/consumer/consumer.go:39.6,40.10 1 1
github.com/balchua/demo-jetstream/pkg/consumer/consumer.go:48.3,50.17 2 1
github.com/balchua/demo-jetstream/pkg/consumer/consumer.go:55.3,55.28 1 1
github.com/balchua/demo-jetstream/pkg/consumer/consumer.go:88.3,88.60 1 1
github.com/balchua/demo-jetstream/pkg/consumer/consumer.go:41.21,45.10 4 1
github.com/balchua/demo-jetstream/pkg/consumer/consumer.go:46.11,46.11 0 1
github.com/balchua/demo-jetstream/pkg/consumer/consumer.go:50.17,54.4 3 1
github.com/balchua/demo-jetstream/pkg/consumer/consumer.go:55.28,68.18 13 1
github.com/balchua/demo-jetstream/pkg/consumer/consumer.go:71.4,86.14 6 1
github.com/balchua/demo-jetstream/pkg/consumer/consumer.go:68.18,70.5 1 1
github.com/balchua/demo-jetstream/pkg/infra/nats.go:17.66,20.16 2 0
github.com/balchua/demo-jetstream/pkg/infra/nats.go:24.2,25.16 2 0
github.com/balchua/demo-jetstream/pkg/infra/nats.go:29.2,30.16 2 0
github.com/balchua/demo-jetstream/pkg/infra/nats.go:34.2,39.22 2 0
github.com/balchua/demo-jetstream/pkg/infra/nats.go:20.16,22.3 1 0
github.com/balchua/demo-jetstream/pkg/infra/nats.go:25.16,27.3 1 0
github.com/balchua/demo-jetstream/pkg/infra/nats.go:30.16,32.3 1 0
github.com/balchua/demo-jetstream/pkg/infra/nats.go:42.52,44.16 1 0
github.com/balchua/demo-jetstream/pkg/infra/nats.go:48.2,52.16 3 0
github.com/balchua/demo-jetstream/pkg/infra/nats.go:56.2,56.12 1 0
github.com/balchua/demo-jetstream/pkg/infra/nats.go:44.16,46.3 1 0
github.com/balchua/demo-jetstream/pkg/infra/nats.go:52.16,54.3 1 0
github.com/balchua/demo-jetstream/pkg/infra/nats.go:59.40,60.36 1 0
github.com/balchua/demo-jetstream/pkg/infra/nats.go:60.36,62.3 1 0
github.com/balchua/demo-jetstream/pkg/infra/nats.go:65.66,68.16 3 0
github.com/balchua/demo-jetstream/pkg/infra/nats.go:71.2,71.12 1 0
github.com/balchua/demo-jetstream/pkg/infra/nats.go:68.16,70.3 1 0
github.com/balchua/demo-jetstream/pkg/infra/nats.go:74.89,78.16 3 0
github.com/balchua/demo-jetstream/pkg/infra/nats.go:88.2,88.27 1 0
github.com/balchua/demo-jetstream/pkg/infra/nats.go:94.2,94.26 1 0
github.com/balchua/demo-jetstream/pkg/infra/nats.go:78.16,82.34 1 0
github.com/balchua/demo-jetstream/pkg/infra/nats.go:82.34,85.4 2 0
github.com/balchua/demo-jetstream/pkg/infra/nats.go:88.27,93.3 2 0
github.com/balchua/demo-jetstream/pkg/infra/nats.go:98.28,100.2 1 0
github.com/balchua/demo-jetstream/pkg/dtrace/trace.go:22.56,25.16 2 0
github.com/balchua/demo-jetstream/pkg/dtrace/trace.go:28.2,40.3 4 0
github.com/balchua/demo-jetstream/pkg/dtrace/trace.go:25.16,27.3 1 0
github.com/balchua/demo-jetstream/pkg/dtrace/trace.go:43.57,50.2 1 0
github.com/balchua/demo-jetstream/pkg/dtrace/trace.go:52.26,53.60 1 0
github.com/balchua/demo-jetstream/pkg/dtrace/trace.go:53.60,55.3 1 0
github.com/balchua/demo-jetstream/pkg/dtrace/trace.go:58.45,60.2 1 0
github.com/balchua/demo-jetstream/pkg/publisher/publish_message.go:17.77,22.2 1 0
github.com/balchua/demo-jetstream/pkg/publisher/publish_message.go:24.107,38.16 12 0
github.com/balchua/demo-jetstream/pkg/publisher/publish_message.go:42.2,42.12 1 0
github.com/balchua/demo-jetstream/pkg/publisher/publish_message.go:38.16,40.3 1 0
github.com/balchua/demo-jetstream/pkg/api/verifier/mock_verifier.go:14.141,17.2 2 1
github.com/balchua/demo-jetstream/pkg/api/verifier/mock_verifier.go:19.43,21.2 1 1
github.com/balchua/demo-jetstream/pkg/api/verifier/verifier_grpc.pb.go:28.90,30.2 1 0
github.com/balchua/demo-jetstream/pkg/api/verifier/verifier_grpc.pb.go:32.167,35.16 3 0
github.com/balchua/demo-jetstream/pkg/api/verifier/verifier_grpc.pb.go:38.2,38.17 1 0
github.com/balchua/demo-jetstream/pkg/api/verifier/verifier_grpc.pb.go:35.16,37.3 1 0
github.com/balchua/demo-jetstream/pkg/api/verifier/verifier_grpc.pb.go:53.145,55.2 1 0
github.com/balchua/demo-jetstream/pkg/api/verifier/verifier_grpc.pb.go:56.98,56.99 0 0
github.com/balchua/demo-jetstream/pkg/api/verifier/verifier_grpc.pb.go:65.96,67.2 1 0
github.com/balchua/demo-jetstream/pkg/api/verifier/verifier_grpc.pb.go:69.182,71.32 2 0
github.com/balchua/demo-jetstream/pkg/api/verifier/verifier_grpc.pb.go:74.2,74.24 1 0
github.com/balchua/demo-jetstream/pkg/api/verifier/verifier_grpc.pb.go:77.2,81.77 2 0
github.com/balchua/demo-jetstream/pkg/api/verifier/verifier_grpc.pb.go:84.2,84.44 1 0
github.com/balchua/demo-jetstream/pkg/api/verifier/verifier_grpc.pb.go:71.32,73.3 1 0
github.com/balchua/demo-jetstream/pkg/api/verifier/verifier_grpc.pb.go:74.24,76.3 1 0
github.com/balchua/demo-jetstream/pkg/api/verifier/verifier_grpc.pb.go:81.77,83.3 1 0
github.com/balchua/demo-jetstream/pkg/test_util/test_util.go:9.13,14.2 3 1
github.com/balchua/demo-jetstream/pkg/api/verifier/verifier.pb.go:42.40,46.2 3 0
github.com/balchua/demo-jetstream/pkg/api/verifier/verifier.pb.go:48.37,50.2 1 0
github.com/balchua/demo-jetstream/pkg/api/verifier/verifier.pb.go:52.60,54.2 1 0
github.com/balchua/demo-jetstream/pkg/api/verifier/verifier.pb.go:56.48,58.2 1 0
github.com/balchua/demo-jetstream/pkg/api/verifier/verifier.pb.go:60.54,62.2 1 0
github.com/balchua/demo-jetstream/pkg/api/verifier/verifier.pb.go:65.52,67.2 1 0
github.com/balchua/demo-jetstream/pkg/api/verifier/verifier.pb.go:80.31,82.29 2 0
github.com/balchua/demo-jetstream/pkg/api/verifier/verifier.pb.go:82.29,86.3 3 0
github.com/balchua/demo-jetstream/pkg/api/verifier/verifier.pb.go:89.39,91.2 1 0
github.com/balchua/demo-jetstream/pkg/api/verifier/verifier.pb.go:93.37,93.38 0 0
github.com/balchua/demo-jetstream/pkg/api/verifier/verifier.pb.go:95.59,97.41 2 1
github.com/balchua/demo-jetstream/pkg/api/verifier/verifier.pb.go:104.2,104.24 1 1
github.com/balchua/demo-jetstream/pkg/api/verifier/verifier.pb.go:97.41,99.34 2 1
github.com/balchua/demo-jetstream/pkg/api/verifier/verifier.pb.go:102.3,102.12 1 1
github.com/balchua/demo-jetstream/pkg/api/verifier/verifier.pb.go:99.34,101.4 1 1
github.com/balchua/demo-jetstream/pkg/api/verifier/verifier.pb.go:108.50,110.2 1 0
github.com/balchua/demo-jetstream/pkg/api/verifier/verifier.pb.go:112.41,113.14 1 0
github.com/balchua/demo-jetstream/pkg/api/verifier/verifier.pb.go:116.2,116.10 1 0
github.com/balchua/demo-jetstream/pkg/api/verifier/verifier.pb.go:113.14,115.3 1 0
github.com/balchua/demo-jetstream/pkg/api/verifier/verifier.pb.go:119.48,120.14 1 0
github.com/balchua/demo-jetstream/pkg/api/verifier/verifier.pb.go:123.2,123.10 1 0
github.com/balchua/demo-jetstream/pkg/api/verifier/verifier.pb.go:120.14,122.3 1 0
github.com/balchua/demo-jetstream/pkg/api/verifier/verifier.pb.go:126.42,127.14 1 0
github.com/balchua/demo-jetstream/pkg/api/verifier/verifier.pb.go:130.2,130.11 1 0
github.com/balchua/demo-jetstream/pkg/api/verifier/verifier.pb.go:127.14,129.3 1 0
github.com/balchua/demo-jetstream/pkg/api/verifier/verifier.pb.go:133.42,134.14 1 0
github.com/balchua/demo-jetstream/pkg/api/verifier/verifier.pb.go:137.2,137.11 1 0
github.com/balchua/demo-jetstream/pkg/api/verifier/verifier.pb.go:134.14,136.3 1 0
github.com/balchua/demo-jetstream/pkg/api/verifier/verifier.pb.go:148.44,150.29 2 0
github.com/balchua/demo-jetstream/pkg/api/verifier/verifier.pb.go:150.29,154.3 3 0
github.com/balchua/demo-jetstream/pkg/api/verifier/verifier.pb.go:157.52,159.2 1 1
github.com/balchua/demo-jetstream/pkg/api/verifier/verifier.pb.go:161.50,161.51 0 0
github.com/balchua/demo-jetstream/pkg/api/verifier/verifier.pb.go:163.72,165.41 2 1
github.com/balchua/demo-jetstream/pkg/api/verifier/verifier.pb.go:172.2,172.24 1 0
github.com/balchua/demo-jetstream/pkg/api/verifier/verifier.pb.go:165.41,167.34 2 1
github.com/balchua/demo-jetstream/pkg/api/verifier/verifier.pb.go:170.3,170.12 1 1
github.com/balchua/demo-jetstream/pkg/api/verifier/verifier.pb.go:167.34,169.4 1 1
github.com/balchua/demo-jetstream/pkg/api/verifier/verifier.pb.go:176.63,178.2 1 0
github.com/balchua/demo-jetstream/pkg/api/verifier/verifier.pb.go:180.57,181.14 1 0
github.com/balchua/demo-jetstream/pkg/api/verifier/verifier.pb.go:184.2,184.12 1 0
github.com/balchua/demo-jetstream/pkg/api/verifier/verifier.pb.go:181.14,183.3 1 0
github.com/balchua/demo-jetstream/pkg/api/verifier/verifier.pb.go:197.45,199.29 2 0
github.com/balchua/demo-jetstream/pkg/api/verifier/verifier.pb.go:199.29,203.3 3 0
github.com/balchua/demo-jetstream/pkg/api/verifier/verifier.pb.go:206.53,208.2 1 0
github.com/balchua/demo-jetstream/pkg/api/verifier/verifier.pb.go:210.51,210.52 0 0
github.com/balchua/demo-jetstream/pkg/api/verifier/verifier.pb.go:212.73,214.41 2 0
github.com/balchua/demo-jetstream/pkg/api/verifier/verifier.pb.go:221.2,221.24 1 0
github.com/balchua/demo-jetstream/pkg/api/verifier/verifier.pb.go:214.41,216.34 2 0
github.com/balchua/demo-jetstream/pkg/api/verifier/verifier.pb.go:219.3,219.12 1 0
github.com/balchua/demo-jetstream/pkg/api/verifier/verifier.pb.go:216.34,218.4 1 0
github.com/balchua/demo-jetstream/pkg/api/verifier/verifier.pb.go:225.64,227.2 1 0
github.com/balchua/demo-jetstream/pkg/api/verifier/verifier.pb.go:229.57,230.14 1 0
github.com/balchua/demo-jetstream/pkg/api/verifier/verifier.pb.go:233.2,233.11 1 0
github.com/balchua/demo-jetstream/pkg/api/verifier/verifier.pb.go:230.14,232.3 1 0
github.com/balchua/demo-jetstream/pkg/api/verifier/verifier.pb.go:236.58,237.14 1 0
github.com/balchua/demo-jetstream/pkg/api/verifier/verifier.pb.go:240.2,240.12 1 0
github.com/balchua/demo-jetstream/pkg/api/verifier/verifier.pb.go:237.14,239.3 1 0
github.com/balchua/demo-jetstream/pkg/api/verifier/verifier.pb.go:243.58,244.14 1 0
github.com/balchua/demo-jetstream/pkg/api/verifier/verifier.pb.go:247.2,247.22 1 0
github.com/balchua/demo-jetstream/pkg/api/verifier/verifier.pb.go:244.14,246.3 1 0
github.com/balchua/demo-jetstream/pkg/api/verifier/verifier.pb.go:301.64,302.61 1 0
github.com/balchua/demo-jetstream/pkg/api/verifier/verifier.pb.go:305.2,305.57 1 0
github.com/balchua/demo-jetstream/pkg/api/verifier/verifier.pb.go:302.61,304.3 1 0
github.com/balchua/demo-jetstream/pkg/api/verifier/verifier.pb.go:329.13,329.60 1 1
github.com/balchua/demo-jetstream/pkg/api/verifier/verifier.pb.go:330.50,331.49 1 1
github.com/balchua/demo-jetstream/pkg/api/verifier/verifier.pb.go:334.2,334.30 1 1
github.com/balchua/demo-jetstream/pkg/api/verifier/verifier.pb.go:372.2,390.52 6 1
github.com/balchua/demo-jetstream/pkg/api/verifier/verifier.pb.go:331.49,333.3 1 0
github.com/balchua/demo-jetstream/pkg/api/verifier/verifier.pb.go:334.30,335.102 1 0
github.com/balchua/demo-jetstream/pkg/api/verifier/verifier.pb.go:347.3,347.102 1 0
github.com/balchua/demo-jetstream/pkg/api/verifier/verifier.pb.go:359.3,359.102 1 0
github.com/balchua/demo-jetstream/pkg/api/verifier/verifier.pb.go:335.102,336.36 1 0
github.com/balchua/demo-jetstream/pkg/api/verifier/verifier.pb.go:337.11,338.20 1 0
github.com/balchua/demo-jetstream/pkg/api/verifier/verifier.pb.go:339.11,340.24 1 0
github.com/balchua/demo-jetstream/pkg/api/verifier/verifier.pb.go:341.11,342.28 1 0
github.com/balchua/demo-jetstream/pkg/api/verifier/verifier.pb.go:343.12,344.15 1 0
github.com/balchua/demo-jetstream/pkg/api/verifier/verifier.pb.go:347.102,348.49 1 0
github.com/balchua/demo-jetstream/pkg/api/verifier/verifier.pb.go:349.11,350.20 1 0
github.com/balchua/demo-jetstream/pkg/api/verifier/verifier.pb.go:351.11,352.24 1 0
github.com/balchua/demo-jetstream/pkg/api/verifier/verifier.pb.go:353.11,354.28 1 0
github.com/balchua/demo-jetstream/pkg/api/verifier/verifier.pb.go:355.12,356.15 1 0
github.com/balchua/demo-jetstream/pkg/api/verifier/verifier.pb.go:359.102,360.50 1 0
github.com/balchua/demo-jetstream/pkg/api/verifier/verifier.pb.go:361.11,362.20 1 0
github.com/balchua/demo-jetstream/pkg/api/verifier/verifier.pb.go:363.11,364.24 1 0
github.com/balchua/demo-jetstream/pkg/api/verifier/verifier.pb.go:365.11,366.28 1 0
github.com/balchua/demo-jetstream/pkg/api/verifier/verifier.pb.go:367.12,368.15 1 0
github.com/balchua/demo-jetstream/pkg/infra/setup.go:19.141,31.2 3 0
github.com/balchua/demo-jetstream/pkg/infra/setup.go:32.36,34.142 1 0
github.com/balchua/demo-jetstream/pkg/infra/setup.go:38.2,43.34 1 0
github.com/balchua/demo-jetstream/pkg/infra/setup.go:47.2,47.12 1 0
github.com/balchua/demo-jetstream/pkg/infra/setup.go:34.142,36.3 1 0
github.com/balchua/demo-jetstream/pkg/infra/setup.go:43.34,45.3 1 0
github.com/balchua/demo-jetstream/pkg/infra/types.go:28.50,35.2 2 1
github.com/balchua/demo-jetstream/pkg/infra/types.go:37.56,38.18 1 0
github.com/balchua/demo-jetstream/pkg/infra/types.go:41.2,41.21 1 0
github.com/balchua/demo-jetstream/pkg/infra/types.go:38.18,40.3 1 0
github.com/balchua/demo-jetstream/pkg/infra/types.go:44.52,45.18 1 1
github.com/balchua/demo-jetstream/pkg/infra/types.go:48.2,48.30 1 1
github.com/balchua/demo-jetstream/pkg/infra/types.go:45.18,47.3 1 0
github.com/balchua/demo-jetstream/pkg/infra/types.go:51.40,52.18 1 1
github.com/balchua/demo-jetstream/pkg/infra/types.go:55.2,55.19 1 1
github.com/balchua/demo-jetstream/pkg/infra/types.go:52.18,54.3 1 0
github.com/balchua/demo-jetstream/pkg/infra/types.go:58.59,60.2 1 0
github.com/balchua/demo-jetstream/pkg/infra/types.go:62.44,64.2 1 1
github.com/balchua/demo-jetstream/pkg/infra/types.go:66.29,68.2 1 1
github.com/balchua/demo-jetstream/pkg/infra/types.go:70.30,72.2 1 0
github.com/balchua/demo-jetstream/pkg/infra/types.go:74.60,76.2 1 0
github.com/balchua/demo-jetstream/pkg/dtrace/carrier.go:11.71,13.2 1 1
github.com/balchua/demo-jetstream/pkg/dtrace/carrier.go:15.52,16.43 1 0
github.com/balchua/demo-jetstream/pkg/dtrace/carrier.go:21.2,21.11 1 0
github.com/balchua/demo-jetstream/pkg/dtrace/carrier.go:16.43,17.23 1 0
github.com/balchua/demo-jetstream/pkg/dtrace/carrier.go:17.23,19.4 1 0
github.com/balchua/demo-jetstream/pkg/dtrace/carrier.go:25.50,27.2 1 0
github.com/balchua/demo-jetstream/pkg/dtrace/carrier.go:29.45,32.36 3 0
github.com/balchua/demo-jetstream/pkg/dtrace/carrier.go:36.2,36.12 1 0
github.com/balchua/demo-jetstream/pkg/dtrace/carrier.go:32.36,35.3 2 0
github.com/balchua/demo-jetstream/pkg/monitoring/monitor.go:20.93,27.2 1 0
github.com/balchua/demo-jetstream/pkg/monitoring/monitor.go:29.34,30.6 1 0
github.com/balchua/demo-jetstream/pkg/monitoring/monitor.go:30.6,32.3 1 0
github.com/balchua/demo-jetstream/pkg/monitoring/monitor.go:35.48,38.16 3 0
github.com/balchua/demo-jetstream/pkg/monitoring/monitor.go:42.2,47.57 6 0
github.com/balchua/demo-jetstream/pkg/monitoring/monitor.go:38.16,41.3 2 0
github.com/balchua/demo-jetstream/pkg/monitoring/monitor.go:50.59,52.39 1 0
github.com/balchua/demo-jetstream/pkg/monitoring/monitor.go:52.39,53.27 1 0
github.com/balchua/demo-jetstream/pkg/monitoring/monitor.go:53.27,54.24 1 0
github.com/balchua/demo-jetstream/pkg/monitoring/monitor.go:54.24,55.33 1 0
github.com/balchua/demo-jetstream/pkg/monitoring/monitor.go:55.33,56.39 1 0
github.com/balchua/demo-jetstream/pkg/monitoring/monitor.go:56.39,57.71 1 0
github.com/balchua/demo-jetstream/pkg/monitoring/monitor.go:57.71,59.24 2 0
github.com/balchua/demo-jetstream/pkg/monitoring/monitor.go:59.24,61.14 2 0
github.com/balchua/demo-jetstream/pkg/api/verifier/client.go:20.110,24.16 3 0
github.com/balchua/demo-jetstream/pkg/api/verifier/client.go:28.2,32.21 2 0
github.com/balchua/demo-jetstream/pkg/api/verifier/client.go:24.16,26.3 1 0
github.com/balchua/demo-jetstream/pkg/api/verifier/client.go:35.58,38.2 2 0
github.com/balchua/demo-jetstream/pkg/api/verifier/client.go:40.160,44.2 2 0
github.com/balchua/demo-jetstream/pkg/api/verifier/transaction_verifier.go:15.142,21.16 5 0
github.com/balchua/demo-jetstream/pkg/api/verifier/transaction_verifier.go:24.2,25.51 2 0
github.com/balchua/demo-jetstream/pkg/api/verifier/transaction_verifier.go:32.2,36.8 1 0
github.com/balchua/demo-jetstream/pkg/api/verifier/transaction_verifier.go:21.16,23.3 1 0
github.com/balchua/demo-jetstream/pkg/api/verifier/transaction_verifier.go:25.51,31.3 1 0
github.com/balchua/demo-jetstream/pkg/infra/jetstream.go:14.76,20.16 5 0
github.com/balchua/demo-jetstream/pkg/infra/jetstream.go:24.2,26.16 2 0
github.com/balchua/demo-jetstream/pkg/infra/jetstream.go:30.2,32.16 2 0
github.com/balchua/demo-jetstream/pkg/infra/jetstream.go:36.2,39.8 1 0
github.com/balchua/demo-jetstream/pkg/infra/jetstream.go:20.16,22.3 1 0
github.com/balchua/demo-jetstream/pkg/infra/jetstream.go:26.16,28.3 1 0
github.com/balchua/demo-jetstream/pkg/infra/jetstream.go:32.16,34.3 1 0
github.com/balchua/demo-jetstream/pkg/infra/jetstream.go:42.103,45.16 2 0
github.com/balchua/demo-jetstream/pkg/infra/jetstream.go:48.2,50.75 2 0
github.com/balchua/demo-jetstream/pkg/infra/jetstream.go:53.2,53.12 1 0
github.com/balchua/demo-jetstream/pkg/infra/jetstream.go:45.16,47.3 1 0
github.com/balchua/demo-jetstream/pkg/infra/jetstream.go:50.75,52.3 1 0
github.com/balchua/demo-jetstream/pkg/infra/jetstream.go:56.109,60.16 3 0
github.com/balchua/demo-jetstream/pkg/infra/jetstream.go:64.2,64.12 1 0
github.com/balchua/demo-jetstream/pkg/infra/jetstream.go:60.16,62.3 1 0
github.com/balchua/demo-jetstream/pkg/infra/jetstream.go:67.41,69.2 1 0
github.com/balchua/demo-jetstream/pkg/infra/jetstream.go:71.84,74.16 3 0
github.com/balchua/demo-jetstream/pkg/infra/jetstream.go:77.2,77.62 1 0
github.com/balchua/demo-jetstream/pkg/infra/jetstream.go:80.2,80.21 1 0
github.com/balchua/demo-jetstream/pkg/infra/jetstream.go:74.16,76.3 1 0
github.com/balchua/demo-jetstream/pkg/infra/jetstream.go:77.62,79.3 1 0
github.com/balchua/demo-jetstream/pkg/infra/mock_nats.go:13.52,16.2 2 0
github.com/balchua/demo-jetstream/pkg/infra/mock_nats.go:18.66,21.2 2 1
github.com/balchua/demo-jetstream/pkg/infra/mock_nats.go:23.89,26.2 2 1
github.com/balchua/demo-jetstream/pkg/infra/mock_nats.go:28.28,30.2 1 0
github.com/balchua/demo-jetstream/pkg/dtrace/trace.go:22.56,25.16 2 1
github.com/balchua/demo-jetstream/pkg/dtrace/trace.go:28.2,40.3 4 1
github.com/balchua/demo-jetstream/pkg/dtrace/trace.go:25.16,27.3 1 0
github.com/balchua/demo-jetstream/pkg/dtrace/trace.go:43.57,50.2 1 1
github.com/balchua/demo-jetstream/pkg/dtrace/trace.go:52.26,53.60 1 1
github.com/balchua/demo-jetstream/pkg/dtrace/trace.go:53.60,55.3 1 0
github.com/balchua/demo-jetstream/pkg/dtrace/trace.go:58.45,60.2 1 1
github.com/balchua/demo-jetstream/pkg/api/verifier/transaction_verifier.go:15.142,21.16 5 0
github.com/balchua/demo-jetstream/pkg/api/verifier/transaction_verifier.go:24.2,25.51 2 0
github.com/balchua/demo-jetstream/pkg/api/verifier/transaction_verifier.go:32.2,36.8 1 0
github.com/balchua/demo-jetstream/pkg/api/verifier/transaction_verifier.go:21.16,23.3 1 0
github.com/balchua/demo-jetstream/pkg/api/verifier/transaction_verifier.go:25.51,31.3 1 0
github.com/balchua/demo-jetstream/pkg/infra/jetstream.go:14.76,20.16 5 0
github.com/balchua/demo-jetstream/pkg/infra/jetstream.go:24.2,26.16 2 0
github.com/balchua/demo-jetstream/pkg/infra/jetstream.go:30.2,32.16 2 0
github.com/balchua/demo-jetstream/pkg/infra/jetstream.go:36.2,39.8 1 0
github.com/balchua/demo-jetstream/pkg/infra/jetstream.go:20.16,22.3 1 0
github.com/balchua/demo-jetstream/pkg/infra/jetstream.go:26.16,28.3 1 0
github.com/balchua/demo-jetstream/pkg/infra/jetstream.go:32.16,34.3 1 0
github.com/balchua/demo-jetstream/pkg/infra/jetstream.go:42.103,45.16 2 0
github.com/balchua/demo-jetstream/pkg/infra/jetstream.go:48.2,50.75 2 0
github.com/balchua/demo-jetstream/pkg/infra/jetstream.go:53.2,53.12 1 0
github.com/balchua/demo-jetstream/pkg/infra/jetstream.go:45.16,47.3 1 0
github.com/balchua/demo-jetstream/pkg/infra/jetstream.go:50.75,52.3 1 0
github.com/balchua/demo-jetstream/pkg/infra/jetstream.go:56.109,60.16 3 0
github.com/balchua/demo-jetstream/pkg/infra/jetstream.go:64.2,64.12 1 0
github.com/balchua/demo-jetstream/pkg/infra/jetstream.go:60.16,62.3 1 0
github.com/balchua/demo-jetstream/pkg/infra/jetstream.go:67.41,69.2 1 0
github.com/balchua/demo-jetstream/pkg/infra/jetstream.go:71.84,74.16 3 0
github.com/balchua/demo-jetstream/pkg/infra/jetstream.go:77.2,77.62 1 0
github.com/balchua/demo-jetstream/pkg/infra/jetstream.go:80.2,80.21 1 0
github.com/balchua/demo-jetstream/pkg/infra/jetstream.go:74.16,76.3 1 0
github.com/balchua/demo-jetstream/pkg/infra/jetstream.go:77.62,79.3 1 0
github.com/balchua/demo-jetstream/pkg/infra/nats.go:17.66,20.16 2 0
github.com/balchua/demo-jetstream/pkg/infra/nats.go:24.2,25.16 2 0
github.com/balchua/demo-jetstream/pkg/infra/nats.go:29.2,30.16 2 0
github.com/balchua/demo-jetstream/pkg/infra/nats.go:34.2,39.22 2 0
github.com/balchua/demo-jetstream/pkg/infra/nats.go:20.16,22.3 1 0
github.com/balchua/demo-jetstream/pkg/infra/nats.go:25.16,27.3 1 0
github.com/balchua/demo-jetstream/pkg/infra/nats.go:30.16,32.3 1 0
github.com/balchua/demo-jetstream/pkg/infra/nats.go:42.52,44.16 1 0
github.com/balchua/demo-jetstream/pkg/infra/nats.go:48.2,52.16 3 0
github.com/balchua/demo-jetstream/pkg/infra/nats.go:56.2,56.12 1 0
github.com/balchua/demo-jetstream/pkg/infra/nats.go:44.16,46.3 1 0
github.com/balchua/demo-jetstream/pkg/infra/nats.go:52.16,54.3 1 0
github.com/balchua/demo-jetstream/pkg/infra/nats.go:59.40,60.36 1 0
github.com/balchua/demo-jetstream/pkg/infra/nats.go:60.36,62.3 1 0
github.com/balchua/demo-jetstream/pkg/infra/nats.go:65.66,68.16 3 0
github.com/balchua/demo-jetstream/pkg/infra/nats.go:71.2,71.12 1 0
github.com/balchua/demo-jetstream/pkg/infra/nats.go:68.16,70.3 1 0
github.com/balchua/demo-jetstream/pkg/infra/nats.go:74.89,78.16 3 0
github.com/balchua/demo-jetstream/pkg/infra/nats.go:88.2,88.27 1 0
github.com/balchua/demo-jetstream/pkg/infra/nats.go:94.2,94.26 1 0
github.com/balchua/demo-jetstream/pkg/infra/nats.go:78.16,82.34 1 0
github.com/balchua/demo-jetstream/pkg/infra/nats.go:82.34,85.4 2 0
github.com/balchua/demo-jetstream/pkg/infra/nats.go:88.27,93.3 2 0
github.com/balchua/demo-jetstream/pkg/infra/nats.go:98.28,100.2 1 0
github.com/balchua/demo-jetstream/pkg/infra/setup.go:19.141,31.2 3 0
github.com/balchua/demo-jetstream/pkg/infra/setup.go:32.36,34.142 1 0
github.com/balchua/demo-jetstream/pkg/infra/setup.go:38.2,43.34 1 0
github.com/balchua/demo-jetstream/pkg/infra/setup.go:47.2,47.12 1 0
github.com/balchua/demo-jetstream/pkg/infra/setup.go:34.142,36.3 1 0
github.com/balchua/demo-jetstream/pkg/infra/setup.go:43.34,45.3 1 0
github.com/balchua/demo-jetstream/pkg/publisher/publish_message.go:17.77,22.2 1 0
github.com/balchua/demo-jetstream/pkg/publisher/publish_message.go:24.107,38.16 12 0
github.com/balchua/demo-jetstream/pkg/publisher/publish_message.go:42.2,42.12 1 0
github.com/balchua/demo-jetstream/pkg/publisher/publish_message.go:38.16,40.3 1 0
github.com/balchua/demo-jetstream/pkg/infra/types.go:28.50,35.2 2 1
github.com/balchua/demo-jetstream/pkg/infra/types.go:37.56,38.18 1 1
github.com/balchua/demo-jetstream/pkg/infra/types.go:41.2,41.21 1 1
github.com/balchua/demo-jetstream/pkg/infra/types.go:38.18,40.3 1 0
github.com/balchua/demo-jetstream/pkg/infra/types.go:44.52,45.18 1 0
github.com/balchua/demo-jetstream/pkg/infra/types.go:48.2,48.30 1 0
github.com/balchua/demo-jetstream/pkg/infra/types.go:45.18,47.3 1 0
github.com/balchua/demo-jetstream/pkg/infra/types.go:51.40,52.18 1 0
github.com/balchua/demo-jetstream/pkg/infra/types.go:55.2,55.19 1 0
github.com/balchua/demo-jetstream/pkg/infra/types.go:52.18,54.3 1 0
github.com/balchua/demo-jetstream/pkg/infra/types.go:58.59,60.2 1 1
github.com/balchua/demo-jetstream/pkg/infra/types.go:62.44,64.2 1 0
github.com/balchua/demo-jetstream/pkg/infra/types.go:66.29,68.2 1 0
github.com/balchua/demo-jetstream/pkg/infra/types.go:70.30,72.2 1 0
github.com/balchua/demo-jetstream/pkg/infra/types.go:74.60,76.2 1 0
github.com/balchua/demo-jetstream/pkg/monitoring/monitor.go:20.93,27.2 1 0
github.com/balchua/demo-jetstream/pkg/monitoring/monitor.go:29.34,30.6 1 0
github.com/balchua/demo-jetstream/pkg/monitoring/monitor.go:30.6,32.3 1 0
github.com/balchua/demo-jetstream/pkg/monitoring/monitor.go:35.48,38.16 3 0
github.com/balchua/demo-jetstream/pkg/monitoring/monitor.go:42.2,47.57 6 0
github.com/balchua/demo-jetstream/pkg/monitoring/monitor.go:38.16,41.3 2 0
github.com/balchua/demo-jetstream/pkg/monitoring/monitor.go:50.59,52.39 1 0
github.com/balchua/demo-jetstream/pkg/monitoring/monitor.go:52.39,53.27 1 0
github.com/balchua/demo-jetstream/pkg/monitoring/monitor.go:53.27,54.24 1 0
github.com/balchua/demo-jetstream/pkg/monitoring/monitor.go:54.24,55.33 1 0
github.com/balchua/demo-jetstream/pkg/monitoring/monitor.go:55.33,56.39 1 0
github.com/balchua/demo-jetstream/pkg/monitoring/monitor.go:56.39,57.71 1 0
github.com/balchua/demo-jetstream/pkg/monitoring/monitor.go:57.71,59.24 2 0
github.com/balchua/demo-jetstream/pkg/monitoring/monitor.go:59.24,61.14 2 0
github.com/balchua/demo-jetstream/pkg/api/verifier/mock_verifier.go:14.141,17.2 2 0
github.com/balchua/demo-jetstream/pkg/api/verifier/mock_verifier.go:19.43,21.2 1 0
github.com/balchua/demo-jetstream/pkg/api/verifier/verifier.pb.go:42.40,46.2 3 0
github.com/balchua/demo-jetstream/pkg/api/verifier/verifier.pb.go:48.37,50.2 1 0
github.com/balchua/demo-jetstream/pkg/api/verifier/verifier.pb.go:52.60,54.2 1 0
github.com/balchua/demo-jetstream/pkg/api/verifier/verifier.pb.go:56.48,58.2 1 0
github.com/balchua/demo-jetstream/pkg/api/verifier/verifier.pb.go:60.54,62.2 1 0
github.com/balchua/demo-jetstream/pkg/api/verifier/verifier.pb.go:65.52,67.2 1 0
github.com/balchua/demo-jetstream/pkg/api/verifier/verifier.pb.go:80.31,82.29 2 0
github.com/balchua/demo-jetstream/pkg/api/verifier/verifier.pb.go:82.29,86.3 3 0
github.com/balchua/demo-jetstream/pkg/api/verifier/verifier.pb.go:89.39,91.2 1 0
github.com/balchua/demo-jetstream/pkg/api/verifier/verifier.pb.go:93.37,93.38 0 0
github.com/balchua/demo-jetstream/pkg/api/verifier/verifier.pb.go:95.59,97.41 2 0
github.com/balchua/demo-jetstream/pkg/api/verifier/verifier.pb.go:104.2,104.24 1 0
github.com/balchua/demo-jetstream/pkg/api/verifier/verifier.pb.go:97.41,99.34 2 0
github.com/balchua/demo-jetstream/pkg/api/verifier/verifier.pb.go:102.3,102.12 1 0
github.com/balchua/demo-jetstream/pkg/api/verifier/verifier.pb.go:99.34,101.4 1 0
github.com/balchua/demo-jetstream/pkg/api/verifier/verifier.pb.go:108.50,110.2 1 0
github.com/balchua/demo-jetstream/pkg/api/verifier/verifier.pb.go:112.41,113.14 1 0
github.com/balchua/demo-jetstream/pkg/api/verifier/verifier.pb.go:116.2,116.10 1 0
github.com/balchua/demo-jetstream/pkg/api/verifier/verifier.pb.go:113.14,115.3 1 0
github.com/balchua/demo-jetstream/pkg/api/verifier/verifier.pb.go:119.48,120.14 1 0
github.com/balchua/demo-jetstream/pkg/api/verifier/verifier.pb.go:123.2,123.10 1 0
github.com/balchua/demo-jetstream/pkg/api/verifier/verifier.pb.go:120.14,122.3 1 0
github.com/balchua/demo-jetstream/pkg/api/verifier/verifier.pb.go:126.42,127.14 1 0
github.com/balchua/demo-jetstream/pkg/api/verifier/verifier.pb.go:130.2,130.11 1 0
github.com/balchua/demo-jetstream/pkg/api/verifier/verifier.pb.go:127.14,129.3 1 0
github.com/balchua/demo-jetstream/pkg/api/verifier/verifier.pb.go:133.42,134.14 1 0
github.com/balchua/demo-jetstream/pkg/api/verifier/verifier.pb.go:137.2,137.11 1 0
github.com/balchua/demo-jetstream/pkg/api/verifier/verifier.pb.go:134.14,136.3 1 0
github.com/balchua/demo-jetstream/pkg/api/verifier/verifier.pb.go:148.44,150.29 2 0
github.com/balchua/demo-jetstream/pkg/api/verifier/verifier.pb.go:150.29,154.3 3 0
github.com/balchua/demo-jetstream/pkg/api/verifier/verifier.pb.go:157.52,159.2 1 0
github.com/balchua/demo-jetstream/pkg/api/verifier/verifier.pb.go:161.50,161.51 0 0
github.com/balchua/demo-jetstream/pkg/api/verifier/verifier.pb.go:163.72,165.41 2 0
github.com/balchua/demo-jetstream/pkg/api/verifier/verifier.pb.go:172.2,172.24 1 0
github.com/balchua/demo-jetstream/pkg/api/verifier/verifier.pb.go:165.41,167.34 2 0
github.com/balchua/demo-jetstream/pkg/api/verifier/verifier.pb.go:170.3,170.12 1 0
github.com/balchua/demo-jetstream/pkg/api/verifier/verifier.pb.go:167.34,169.4 1 0
github.com/balchua/demo-jetstream/pkg/api/verifier/verifier.pb.go:176.63,178.2 1 0
github.com/balchua/demo-jetstream/pkg/api/verifier/verifier.pb.go:180.57,181.14 1 0
github.com/balchua/demo-jetstream/pkg/api/verifier/verifier.pb.go:184.2,184.12 1 0
github.com/balchua/demo-jetstream/pkg/api/verifier/verifier.pb.go:181.14,183.3 1 0
github.com/balchua/demo-jetstream/pkg/api/verifier/verifier.pb.go:197.45,199.29 2 0
github.com/balchua/demo-jetstream/pkg/api/verifier/verifier.pb.go:199.29,203.3 3 0
github.com/balchua/demo-jetstream/pkg/api/verifier/verifier.pb.go:206.53,208.2 1 0
github.com/balchua/demo-jetstream/pkg/api/verifier/verifier.pb.go:210.51,210.52 0 0
github.com/balchua/demo-jetstream/pkg/api/verifier/verifier.pb.go:212.73,214.41 2 0
github.com/balchua/demo-jetstream/pkg/api/verifier/verifier.pb.go:221.2,221.24 1 0
github.com/balchua/demo-jetstream/pkg/api/verifier/verifier.pb.go:214.41,216.34 2 0
github.com/balchua/demo-jetstream/pkg/api/verifier/verifier.pb.go:219.3,219.12 1 0
github.com/balchua/demo-jetstream/pkg/api/verifier/verifier.pb.go:216.34,218.4 1 0
github.com/balchua/demo-jetstream/pkg/api/verifier/verifier.pb.go:225.64,227.2 1 0
github.com/balchua/demo-jetstream/pkg/api/verifier/verifier.pb.go:229.57,230.14 1 0
github.com/balchua/demo-jetstream/pkg/api/verifier/verifier.pb.go:233.2,233.11 1 0
github.com/balchua/demo-jetstream/pkg/api/verifier/verifier.pb.go:230.14,232.3 1 0
github.com/balchua/demo-jetstream/pkg/api/verifier/verifier.pb.go:236.58,237.14 1 0
github.com/balchua/demo-jetstream/pkg/api/verifier/verifier.pb.go:240.2,240.12 1 0
github.com/balchua/demo-jetstream/pkg/api/verifier/verifier.pb.go:237.14,239.3 1 0
github.com/balchua/demo-jetstream/pkg/api/verifier/verifier.pb.go:243.58,244.14 1 0
github.com/balchua/demo-jetstream/pkg/api/verifier/verifier.pb.go:247.2,247.22 1 0
github.com/balchua/demo-jetstream/pkg/api/verifier/verifier.pb.go:244.14,246.3 1 0
github.com/balchua/demo-jetstream/pkg/api/verifier/verifier.pb.go:301.64,302.61 1 0
github.com/balchua/demo-jetstream/pkg/api/verifier/verifier.pb.go:305.2,305.57 1 0
github.com/balchua/demo-jetstream/pkg/api/verifier/verifier.pb.go:302.61,304.3 1 0
github.com/balchua/demo-jetstream/pkg/api/verifier/verifier.pb.go:329.13,329.60 1 1
github.com/balchua/demo-jetstream/pkg/api/verifier/verifier.pb.go:330.50,331.49 1 1
github.com/balchua/demo-jetstream/pkg/api/verifier/verifier.pb.go:334.2,334.30 1 1
github.com/balchua/demo-jetstream/pkg/api/verifier/verifier.pb.go:372.2,390.52 6 1
github.com/balchua/demo-jetstream/pkg/api/verifier/verifier.pb.go:331.49,333.3 1 0
github.com/balchua/demo-jetstream/pkg/api/verifier/verifier.pb.go:334.30,335.102 1 0
github.com/balchua/demo-jetstream/pkg/api/verifier/verifier.pb.go:347.3,347.102 1 0
github.com/balchua/demo-jetstream/pkg/api/verifier/verifier.pb.go:359.3,359.102 1 0
github.com/balchua/demo-jetstream/pkg/api/verifier/verifier.pb.go:335.102,336.36 1 0
github.com/balchua/demo-jetstream/pkg/api/verifier/verifier.pb.go:337.11,338.20 1 0
github.com/balchua/demo-jetstream/pkg/api/verifier/verifier.pb.go:339.11,340.24 1 0
github.com/balchua/demo-jetstream/pkg/api/verifier/verifier.pb.go:341.11,342.28 1 0
github.com/balchua/demo-jetstream/pkg/api/verifier/verifier.pb.go:343.12,344.15 1 0
github.com/balchua/demo-jetstream/pkg/api/verifier/verifier.pb.go:347.102,348.49 1 0
github.com/balchua/demo-jetstream/pkg/api/verifier/verifier.pb.go:349.11,350.20 1 0
github.com/balchua/demo-jetstream/pkg/api/verifier/verifier.pb.go:351.11,352.24 1 0
github.com/balchua/demo-jetstream/pkg/api/verifier/verifier.pb.go:353.11,354.28 1 0
github.com/balchua/demo-jetstream/pkg/api/verifier/verifier.pb.go:355.12,356.15 1 0
github.com/balchua/demo-jetstream/pkg/api/verifier/verifier.pb.go:359.102,360.50 1 0
github.com/balchua/demo-jetstream/pkg/api/verifier/verifier.pb.go:361.11,362.20 1 0
github.com/balchua/demo-jetstream/pkg/api/verifier/verifier.pb.go:363.11,364.24 1 0
github.com/balchua/demo-jetstream/pkg/api/verifier/verifier.pb.go:365.11,366.28 1 0
github.com/balchua/demo-jetstream/pkg/api/verifier/verifier.pb.go:367.12,368.15 1 0
github.com/balchua/demo-jetstream/pkg/test_util/test_util.go:9.13,14.2 3 1
github.com/balchua/demo-jetstream/pkg/dtrace/carrier.go:11.71,13.2 1 1
github.com/balchua/demo-jetstream/pkg/dtrace/carrier.go:15.52,16.43 1 1
github.com/balchua/demo-jetstream/pkg/dtrace/carrier.go:21.2,21.11 1 1
github.com/balchua/demo-jetstream/pkg/dtrace/carrier.go:16.43,17.23 1 1
github.com/balchua/demo-jetstream/pkg/dtrace/carrier.go:17.23,19.4 1 1
github.com/balchua/demo-jetstream/pkg/dtrace/carrier.go:25.50,27.2 1 1
github.com/balchua/demo-jetstream/pkg/dtrace/carrier.go:29.45,32.36 3 1
github.com/balchua/demo-jetstream/pkg/dtrace/carrier.go:36.2,36.12 1 1
github.com/balchua/demo-jetstream/pkg/dtrace/carrier.go:32.36,35.3 2 1
github.com/balchua/demo-jetstream/pkg/api/verifier/client.go:20.110,24.16 3 0
github.com/balchua/demo-jetstream/pkg/api/verifier/client.go:28.2,32.21 2 0
github.com/balchua/demo-jetstream/pkg/api/verifier/client.go:24.16,26.3 1 0
github.com/balchua/demo-jetstream/pkg/api/verifier/client.go:35.58,38.2 2 0
github.com/balchua/demo-jetstream/pkg/api/verifier/client.go:40.160,44.2 2 0
github.com/balchua/demo-jetstream/pkg/api/verifier/verifier_grpc.pb.go:28.90,30.2 1 0
github.com/balchua/demo-jetstream/pkg/api/verifier/verifier_grpc.pb.go:32.167,35.16 3 0
github.com/balchua/demo-jetstream/pkg/api/verifier/verifier_grpc.pb.go:38.2,38.17 1 0
github.com/balchua/demo-jetstream/pkg/api/verifier/verifier_grpc.pb.go:35.16,37.3 1 0
github.com/balchua/demo-jetstream/pkg/api/verifier/verifier_grpc.pb.go:53.145,55.2 1 0
github.com/balchua/demo-jetstream/pkg/api/verifier/verifier_grpc.pb.go:56.98,56.99 0 0
github.com/balchua/demo-jetstream/pkg/api/verifier/verifier_grpc.pb.go:65.96,67.2 1 0
github.com/balchua/demo-jetstream/pkg/api/verifier/verifier_grpc.pb.go:69.182,71.32 2 0
github.com/balchua/demo-jetstream/pkg/api/verifier/verifier_grpc.pb.go:74.2,74.24 1 0
github.com/balchua/demo-jetstream/pkg/api/verifier/verifier_grpc.pb.go:77.2,81.77 2 0
github.com/balchua/demo-jetstream/pkg/api/verifier/verifier_grpc.pb.go:84.2,84.44 1 0
github.com/balchua/demo-jetstream/pkg/api/verifier/verifier_grpc.pb.go:71.32,73.3 1 0
github.com/balchua/demo-jetstream/pkg/api/verifier/verifier_grpc.pb.go:74.24,76.3 1 0
github.com/balchua/demo-jetstream/pkg/api/verifier/verifier_grpc.pb.go:81.77,83.3 1 0
github.com/balchua/demo-jetstream/pkg/infra/mock_nats.go:13.52,16.2 2 0
github.com/balchua/demo-jetstream/pkg/infra/mock_nats.go:18.66,21.2 2 0
github.com/balchua/demo-jetstream/pkg/infra/mock_nats.go:23.89,26.2 2 0
github.com/balchua/demo-jetstream/pkg/infra/mock_nats.go:28.28,30.2 1 0
github.com/balchua/demo-jetstream/pkg/consumer/consumer.go:23.95,29.2 1 0
github.com/balchua/demo-jetstream/pkg/consumer/consumer.go:31.124,33.16 2 0
github.com/balchua/demo-jetstream/pkg/consumer/consumer.go:39.2,39.6 1 0
github.com/balchua/demo-jetstream/pkg/consumer/consumer.go:33.16,37.3 3 0
github.com/balchua/demo-jetstream/pkg/consumer/consumer.go:39.6,40.10 1 0
github.com/balchua/demo-jetstream/pkg/consumer/consumer.go:48.3,50.17 2 0
github.com/balchua/demo-jetstream/pkg/consumer/consumer.go:55.3,55.28 1 0
github.com/balchua/demo-jetstream/pkg/consumer/consumer.go:88.3,88.60 1 0
github.com/balchua/demo-jetstream/pkg/consumer/consumer.go:41.21,45.10 4 0
github.com/balchua/demo-jetstream/pkg/consumer/consumer.go:46.11,46.11 0 0
github.com/balchua/demo-jetstream/pkg/consumer/consumer.go:50.17,54.4 3 0
github.com/balchua/demo-jetstream/pkg/consumer/consumer.go:55.28,68.18 13 0
github.com/balchua/demo-jetstream/pkg/consumer/consumer.go:71.4,86.14 6 0
github.com/balchua/demo-jetstream/pkg/consumer/consumer.go:68.18,70.5 1 0
github.com/balchua/demo-jetstream/pkg/api/verifier/verifier.pb.go:42.40,46.2 3 0
github.com/balchua/demo-jetstream/pkg/api/verifier/verifier.pb.go:48.37,50.2 1 0
github.com/balchua/demo-jetstream/pkg/api/verifier/verifier.pb.go:52.60,54.2 1 0
github.com/balchua/demo-jetstream/pkg/api/verifier/verifier.pb.go:56.48,58.2 1 0
github.com/balchua/demo-jetstream/pkg/api/verifier/verifier.pb.go:60.54,62.2 1 0
github.com/balchua/demo-jetstream/pkg/api/verifier/verifier.pb.go:65.52,67.2 1 0
github.com/balchua/demo-jetstream/pkg/api/verifier/verifier.pb.go:80.31,82.29 2 0
github.com/balchua/demo-jetstream/pkg/api/verifier/verifier.pb.go:82.29,86.3 3 0
github.com/balchua/demo-jetstream/pkg/api/verifier/verifier.pb.go:89.39,91.2 1 0
github.com/balchua/demo-jetstream/pkg/api/verifier/verifier.pb.go:93.37,93.38 0 0
github.com/balchua/demo-jetstream/pkg/api/verifier/verifier.pb.go:95.59,97.41 2 0
github.com/balchua/demo-jetstream/pkg/api/verifier/verifier.pb.go:104.2,104.24 1 0
github.com/balchua/demo-jetstream/pkg/api/verifier/verifier.pb.go:97.41,99.34 2 0
github.com/balchua/demo-jetstream/pkg/api/verifier/verifier.pb.go:102.3,102.12 1 0
github.com/balchua/demo-jetstream/pkg/api/verifier/verifier.pb.go:99.34,101.4 1 0
github.com/balchua/demo-jetstream/pkg/api/verifier/verifier.pb.go:108.50,110.2 1 0
github.com/balchua/demo-jetstream/pkg/api/verifier/verifier.pb.go:112.41,113.14 1 0
github.com/balchua/demo-jetstream/pkg/api/verifier/verifier.pb.go:116.2,116.10 1 0
github.com/balchua/demo-jetstream/pkg/api/verifier/verifier.pb.go:113.14,115.3 1 0
github.com/balchua/demo-jetstream/pkg/api/verifier/verifier.pb.go:119.48,120.14 1 0
github.com/balchua/demo-jetstream/pkg/api/verifier/verifier.pb.go:123.2,123.10 1 0
github.com/balchua/demo-jetstream/pkg/api/verifier/verifier.pb.go:120.14,122.3 1 0
github.com/balchua/demo-jetstream/pkg/api/verifier/verifier.pb.go:126.42,127.14 1 0
github.com/balchua/demo-jetstream/pkg/api/verifier/verifier.pb.go:130.2,130.11 1 0
github.com/balchua/demo-jetstream/pkg/api/verifier/verifier.pb.go:127.14,129.3 1 0
github.com/balchua/demo-jetstream/pkg/api/verifier/verifier.pb.go:133.42,134.14 1 0
github.com/balchua/demo-jetstream/pkg/api/verifier/verifier.pb.go:137.2,137.11 1 0
github.com/balchua/demo-jetstream/pkg/api/verifier/verifier.pb.go:134.14,136.3 1 0
github.com/balchua/demo-jetstream/pkg/api/verifier/verifier.pb.go:148.44,150.29 2 0
github.com/balchua/demo-jetstream/pkg/api/verifier/verifier.pb.go:150.29,154.3 3 0
github.com/balchua/demo-jetstream/pkg/api/verifier/verifier.pb.go:157.52,159.2 1 0
github.com/balchua/demo-jetstream/pkg/api/verifier/verifier.pb.go:161.50,161.51 0 0
github.com/balchua/demo-jetstream/pkg/api/verifier/verifier.pb.go:163.72,165.41 2 0
github.com/balchua/demo-jetstream/pkg/api/verifier/verifier.pb.go:172.2,172.24 1 0
github.com/balchua/demo-jetstream/pkg/api/verifier/verifier.pb.go:165.41,167.34 2 0
github.com/balchua/demo-jetstream/pkg/api/verifier/verifier.pb.go:170.3,170.12 1 0
github.com/balchua/demo-jetstream/pkg/api/verifier/verifier.pb.go:167.34,169.4 1 0
github.com/balchua/demo-jetstream/pkg/api/verifier/verifier.pb.go:176.63,178.2 1 0
github.com/balchua/demo-jetstream/pkg/api/verifier/verifier.pb.go:180.57,181.14 1 0
github.com/balchua/demo-jetstream/pkg/api/verifier/verifier.pb.go:184.2,184.12 1 0
github.com/balchua/demo-jetstream/pkg/api/verifier/verifier.pb.go:181.14,183.3 1 0
github.com/balchua/demo-jetstream/pkg/api/verifier/verifier.pb.go:197.45,199.29 2 0
github.com/balchua/demo-jetstream/pkg/api/verifier/verifier.pb.go:199.29,203.3 3 0
github.com/balchua/demo-jetstream/pkg/api/verifier/verifier.pb.go:206.53,208.2 1 0
github.com/balchua/demo-jetstream/pkg/api/verifier/verifier.pb.go:210.51,210.52 0 0
github.com/balchua/demo-jetstream/pkg/api/verifier/verifier.pb.go:212.73,214.41 2 0
github.com/balchua/demo-jetstream/pkg/api/verifier/verifier.pb.go:221.2,221.24 1 0
github.com/balchua/demo-jetstream/pkg/api/verifier/verifier.pb.go:214.41,216.34 2 0
github.com/balchua/demo-jetstream/pkg/api/verifier/verifier.pb.go:219.3,219.12 1 0
github.com/balchua/demo-jetstream/pkg/api/verifier/verifier.pb.go:216.34,218.4 1 0
github.com/balchua/demo-jetstream/pkg/api/verifier/verifier.pb.go:225.64,227.2 1 0
github.com/balchua/demo-jetstream/pkg/api/verifier/verifier.pb.go:229.57,230.14 1 0
github.com/balchua/demo-jetstream/pkg/api/verifier/verifier.pb.go:233.2,233.11 1 0
github.com/balchua/demo-jetstream/pkg/api/verifier/verifier.pb.go:230.14,232.3 1 0
github.com/balchua/demo-jetstream/pkg/api/verifier/verifier.pb.go:236.58,237.14 1 0
github.com/balchua/demo-jetstream/pkg/api/verifier/verifier.pb.go:240.2,240.12 1 0
github.com/balchua/demo-jetstream/pkg/api/verifier/verifier.pb.go:237.14,239.3 1 0
github.com/balchua/demo-jetstream/pkg/api/verifier/verifier.pb.go:243.58,244.14 1 0
github.com/balchua/demo-jetstream/pkg/api/verifier/verifier.pb.go:247.2,247.22 1 0
github.com/balchua/demo-jetstream/pkg/api/verifier/verifier.pb.go:244.14,246.3 1 0
github.com/balchua/demo-jetstream/pkg/api/verifier/verifier.pb.go:301.64,302.61 1 0
github.com/balchua/demo-jetstream/pkg/api/verifier/verifier.pb.go:305.2,305.57 1 0
github.com/balchua/demo-jetstream/pkg/api/verifier/verifier.pb.go:302.61,304.3 1 0
github.com/balchua/demo-jetstream/pkg/api/verifier/verifier.pb.go:329.13,329.60 1 1
github.com/balchua/demo-jetstream/pkg/api/verifier/verifier.pb.go:330.50,331.49 1 1
github.com/balchua/demo-jetstream/pkg/api/verifier/verifier.pb.go:334.2,334.30 1 1
github.com/balchua/demo-jetstream/pkg/api/verifier/verifier.pb.go:372.2,390.52 6 1
github.com/balchua/demo-jetstream/pkg/api/verifier/verifier.pb.go:331.49,333.3 1 0
github.com/balchua/demo-jetstream/pkg/api/verifier/verifier.pb.go:334.30,335.102 1 0
github.com/balchua/demo-jetstream/pkg/api/verifier/verifier.pb.go:347.3,347.102 1 0
github.com/balchua/demo-jetstream/pkg/api/verifier/verifier.pb.go:359.3,359.102 1 0
github.com/balchua/demo-jetstream/pkg/api/verifier/verifier.pb.go:335.102,336.36 1 0
github.com/balchua/demo-jetstream/pkg/api/verifier/verifier.pb.go:337.11,338.20 1 0
github.com/balchua/demo-jetstream/pkg/api/verifier/verifier.pb.go:339.11,340.24 1 0
github.com/balchua/demo-jetstream/pkg/api/verifier/verifier.pb.go:341.11,342.28 1 0
github.com/balchua/demo-jetstream/pkg/api/verifier/verifier.pb.go:343.12,344.15 1 0
github.com/balchua/demo-jetstream/pkg/api/verifier/verifier.pb.go:347.102,348.49 1 0
github.com/balchua/demo-jetstream/pkg/api/verifier/verifier.pb.go:349.11,350.20 1 0
github.com/balchua/demo-jetstream/pkg/api/verifier/verifier.pb.go:351.11,352.24 1 0
github.com/balchua/demo-jetstream/pkg/api/verifier/verifier.pb.go:353.11,354.28 1 0
github.com/balchua/demo-jetstream/pkg/api/verifier/verifier.pb.go:355.12,356.15 1 0
github.com/balchua/demo-jetstream/pkg/api/verifier/verifier.pb.go:359.102,360.50 1 0
github.com/balchua/demo-jetstream/pkg/api/verifier/verifier.pb.go:361.11,362.20 1 0
github.com/balchua/demo-jetstream/pkg/api/verifier/verifier.pb.go:363.11,364.24 1 0
github.com/balchua/demo-jetstream/pkg/api/verifier/verifier.pb.go:365.11,366.28 1 0
github.com/balchua/demo-jetstream/pkg/api/verifier/verifier.pb.go:367.12,368.15 1 0
github.com/balchua/demo-jetstream/pkg/monitoring/monitor.go:20.93,27.2 1 0
github.com/balchua/demo-jetstream/pkg/monitoring/monitor.go:29.34,30.6 1 0
github.com/balchua/demo-jetstream/pkg/monitoring/monitor.go:30.6,32.3 1 0
github.com/balchua/demo-jetstream/pkg/monitoring/monitor.go:35.48,38.16 3 0
github.com/balchua/demo-jetstream/pkg/monitoring/monitor.go:42.2,47.57 6 0
github.com/balchua/demo-jetstream/pkg/monitoring/monitor.go:38.16,41.3 2 0
github.com/balchua/demo-jetstream/pkg/monitoring/monitor.go:50.59,52.39 1 0
github.com/balchua/demo-jetstream/pkg/monitoring/monitor.go:52.39,53.27 1 0
github.com/balchua/demo-jetstream/pkg/monitoring/monitor.go:53.27,54.24 1 0
github.com/balchua/demo-jetstream/pkg/monitoring/monitor.go:54.24,55.33 1 0
github.com/balchua/demo-jetstream/pkg/monitoring/monitor.go:55.33,56.39 1 0
github.com/balchua/demo-jetstream/pkg/monitoring/monitor.go:56.39,57.71 1 0
github.com/balchua/demo-jetstream/pkg/monitoring/monitor.go:57.71,59.24 2 0
github.com/balchua/demo-jetstream/pkg/monitoring/monitor.go:59.24,61.14 2 0
github.com/balchua/demo-jetstream/pkg/infra/setup.go:19.141,31.2 3 1
github.com/balchua/demo-jetstream/pkg/infra/setup.go:32.36,34.142 1 1
github.com/balchua/demo-jetstream/pkg/infra/setup.go:38.2,43.34 1 1
github.com/balchua/demo-jetstream/pkg/infra/setup.go:47.2,47.12 1 1
github.com/balchua/demo-jetstream/pkg/infra/setup.go:34.142,36.3 1 0
github.com/balchua/demo-jetstream/pkg/infra/setup.go:43.34,45.3 1 0
github.com/balchua/demo-jetstream/pkg/api/verifier/transaction_verifier.go:15.142,21.16 5 0
github.com/balchua/demo-jetstream/pkg/api/verifier/transaction_verifier.go:24.2,25.51 2 0
github.com/balchua/demo-jetstream/pkg/api/verifier/transaction_verifier.go:32.2,36.8 1 0
github.com/balchua/demo-jetstream/pkg/api/verifier/transaction_verifier.go:21.16,23.3 1 0
github.com/balchua/demo-jetstream/pkg/api/verifier/transaction_verifier.go:25.51,31.3 1 0
github.com/balchua/demo-jetstream/pkg/dtrace/carrier.go:11.71,13.2 1 0
github.com/balchua/demo-jetstream/pkg/dtrace/carrier.go:15.52,16.43 1 0
github.com/balchua/demo-jetstream/pkg/dtrace/carrier.go:21.2,21.11 1 0
github.com/balchua/demo-jetstream/pkg/dtrace/carrier.go:16.43,17.23 1 0
github.com/balchua/demo-jetstream/pkg/dtrace/carrier.go:17.23,19.4 1 0
github.com/balchua/demo-jetstream/pkg/dtrace/carrier.go:25.50,27.2 1 0
github.com/balchua/demo-jetstream/pkg/dtrace/carrier.go:29.45,32.36 3 0
github.com/balchua/demo-jetstream/pkg/dtrace/carrier.go:36.2,36.12 1 0
github.com/balchua/demo-jetstream/pkg/dtrace/carrier.go:32.36,35.3 2 0
github.com/balchua/demo-jetstream/pkg/infra/mock_nats.go:13.52,16.2 2 0
github.com/balchua/demo-jetstream/pkg/infra/mock_nats.go:18.66,21.2 2 0
github.com/balchua/demo-jetstream/pkg/infra/mock_nats.go:23.89,26.2 2 0
github.com/balchua/demo-jetstream/pkg/infra/mock_nats.go:28.28,30.2 1 0
github.com/balchua/demo-jetstream/pkg/api/verifier/mock_verifier.go:14.141,17.2 2 0
github.com/balchua/demo-jetstream/pkg/api/verifier/mock_verifier.go:19.43,21.2 1 0
github.com/balchua/demo-jetstream/pkg/api/verifier/verifier_grpc.pb.go:28.90,30.2 1 0
github.com/balchua/demo-jetstream/pkg/api/verifier/verifier_grpc.pb.go:32.167,35.16 3 0
github.com/balchua/demo-jetstream/pkg/api/verifier/verifier_grpc.pb.go:38.2,38.17 1 0
github.com/balchua/demo-jetstream/pkg/api/verifier/verifier_grpc.pb.go:35.16,37.3 1 0
github.com/balchua/demo-jetstream/pkg/api/verifier/verifier_grpc.pb.go:53.145,55.2 1 0
github.com/balchua/demo-jetstream/pkg/api/verifier/verifier_grpc.pb.go:56.98,56.99 0 0
github.com/balchua/demo-jetstream/pkg/api/verifier/verifier_grpc.pb.go:65.96,67.2 1 0
github.com/balchua/demo-jetstream/pkg/api/verifier/verifier_grpc.pb.go:69.182,71.32 2 0
github.com/balchua/demo-jetstream/pkg/api/verifier/verifier_grpc.pb.go:74.2,74.24 1 0
github.com/balchua/demo-jetstream/pkg/api/verifier/verifier_grpc.pb.go:77.2,81.77 2 0
github.com/balchua/demo-jetstream/pkg/api/verifier/verifier_grpc.pb.go:84.2,84.44 1 0
github.com/balchua/demo-jetstream/pkg/api/verifier/verifier_grpc.pb.go:71.32,73.3 1 0
github.com/balchua/demo-jetstream/pkg/api/verifier/verifier_grpc.pb.go:74.24,76.3 1 0
github.com/balchua/demo-jetstream/pkg/api/verifier/verifier_grpc.pb.go:81.77,83.3 1 0
github.com/balchua/demo-jetstream/pkg/test_util/test_util.go:9.13,14.2 3 1
github.com/balchua/demo-jetstream/pkg/publisher/publish_message.go:17.77,22.2 1 0
github.com/balchua/demo-jetstream/pkg/publisher/publish_message.go:24.107,38.16 12 0
github.com/balchua/demo-jetstream/pkg/publisher/publish_message.go:42.2,42.12 1 0
github.com/balchua/demo-jetstream/pkg/publisher/publish_message.go:38.16,40.3 1 0
github.com/balchua/demo-jetstream/pkg/infra/jetstream.go:14.76,20.16 5 1
github.com/balchua/demo-jetstream/pkg/infra/jetstream.go:24.2,26.16 2 1
github.com/balchua/demo-jetstream/pkg/infra/jetstream.go:30.2,32.16 2 1
github.com/balchua/demo-jetstream/pkg/infra/jetstream.go:36.2,39.8 1 1
github.com/balchua/demo-jetstream/pkg/infra/jetstream.go:20.16,22.3 1 0
github.com/balchua/demo-jetstream/pkg/infra/jetstream.go:26.16,28.3 1 0
github.com/balchua/demo-jetstream/pkg/infra/jetstream.go:32.16,34.3 1 0
github.com/balchua/demo-jetstream/pkg/infra/jetstream.go:42.103,45.16 2 1
github.com/balchua/demo-jetstream/pkg/infra/jetstream.go:48.2,50.75 2 1
github.com/balchua/demo-jetstream/pkg/infra/jetstream.go:53.2,53.12 1 0
github.com/balchua/demo-jetstream/pkg/infra/jetstream.go:45.16,47.3 1 0
github.com/balchua/demo-jetstream/pkg/infra/jetstream.go:50.75,52.3 1 1
github.com/balchua/demo-jetstream/pkg/infra/jetstream.go:56.109,60.16 3 1
github.com/balchua/demo-jetstream/pkg/infra/jetstream.go:64.2,64.12 1 1
github.com/balchua/demo-jetstream/pkg/infra/jetstream.go:60.16,62.3 1 0
github.com/balchua/demo-jetstream/pkg/infra/jetstream.go:67.41,69.2 1 1
github.com/balchua/demo-jetstream/pkg/infra/jetstream.go:71.84,74.16 3 1
github.com/balchua/demo-jetstream/pkg/infra/jetstream.go:77.2,77.62 1 1
github.com/balchua/demo-jetstream/pkg/infra/jetstream.go:80.2,80.21 1 1
github.com/balchua/demo-jetstream/pkg/infra/jetstream.go:74.16,76.3 1 0
github.com/balchua/demo-jetstream/pkg/infra/jetstream.go:77.62,79.3 1 0
github.com/balchua/demo-jetstream/pkg/infra/nats.go:17.66,20.16 2 1
github.com/balchua/demo-jetstream/pkg/infra/nats.go:24.2,25.16 2 1
github.com/balchua/demo-jetstream/pkg/infra/nats.go:29.2,30.16 2 1
github.com/balchua/demo-jetstream/pkg/infra/nats.go:34.2,39.22 2 1
github.com/balchua/demo-jetstream/pkg/infra/nats.go:20.16,22.3 1 0
github.com/balchua/demo-jetstream/pkg/infra/nats.go:25.16,27.3 1 0
github.com/balchua/demo-jetstream/pkg/infra/nats.go:30.16,32.3 1 0
github.com/balchua/demo-jetstream/pkg/infra/nats.go:42.52,44.16 1 1
github.com/balchua/demo-jetstream/pkg/infra/nats.go:48.2,52.16 3 1
github.com/balchua/demo-jetstream/pkg/infra/nats.go:56.2,56.12 1 1
github.com/balchua/demo-jetstream/pkg/infra/nats.go:44.16,46.3 1 0
github.com/balchua/demo-jetstream/pkg/infra/nats.go:52.16,54.3 1 0
github.com/balchua/demo-jetstream/pkg/infra/nats.go:59.40,60.36 1 1
github.com/balchua/demo-jetstream/pkg/infra/nats.go:60.36,62.3 1 1
github.com/balchua/demo-jetstream/pkg/infra/nats.go:65.66,68.16 3 1
github.com/balchua/demo-jetstream/pkg/infra/nats.go:71.2,71.12 1 1
github.com/balchua/demo-jetstream/pkg/infra/nats.go:68.16,70.3 1 0
github.com/balchua/demo-jetstream/pkg/infra/nats.go:74.89,78.16 3 1
github.com/balchua/demo-jetstream/pkg/infra/nats.go:88.2,88.27 1 1
github.com/balchua/demo-jetstream/pkg/infra/nats.go:94.2,94.26 1 1
github.com/balchua/demo-jetstream/pkg/infra/nats.go:78.16,82.34 1 0
github.com/balchua/demo-jetstream/pkg/infra/nats.go:82.34,85.4 2 0
github.com/balchua/demo-jetstream/pkg/infra/nats.go:88.27,93.3 2 1
github.com/balchua/demo-jetstream/pkg/infra/nats.go:98.28,100.2 1 1
github.com/balchua/demo-jetstream/pkg/infra/types.go:28.50,35.2 2 1
github.com/balchua/demo-jetstream/pkg/infra/types.go:37.56,38.18 1 1
github.com/balchua/demo-jetstream/pkg/infra/types.go:41.2,41.21 1 1
github.com/balchua/demo-jetstream/pkg/infra/types.go:38.18,40.3 1 0
github.com/balchua/demo-jetstream/pkg/infra/types.go:44.52,45.18 1 0
github.com/balchua/demo-jetstream/pkg/infra/types.go:48.2,48.30 1 0
github.com/balchua/demo-jetstream/pkg/infra/types.go:45.18,47.3 1 0
github.com/balchua/demo-jetstream/pkg/infra/types.go:51.40,52.18 1 0
github.com/balchua/demo-jetstream/pkg/infra/types.go:55.2,55.19 1 0
github.com/balchua/demo-jetstream/pkg/infra/types.go:52.18,54.3 1 0
github.com/balchua/demo-jetstream/pkg/infra/types.go:58.59,60.2 1 1
github.com/balchua/demo-jetstream/pkg/infra/types.go:62.44,64.2 1 1
github.com/balchua/demo-jetstream/pkg/infra/types.go:66.29,68.2 1 1
github.com/balchua/demo-jetstream/pkg/infra/types.go:70.30,72.2 1 0
github.com/balchua/demo-jetstream/pkg/infra/types.go:74.60,76.2 1 1
github.com/balchua/demo-jetstream/pkg/api/verifier/client.go:20.110,24.16 3 0
github.com/balchua/demo-jetstream/pkg/api/verifier/client.go:28.2,32.21 2 0
github.com/balchua/demo-jetstream/pkg/api/verifier/client.go:24.16,26.3 1 0
github.com/balchua/demo-jetstream/pkg/api/verifier/client.go:35.58,38.2 2 0
github.com/balchua/demo-jetstream/pkg/api/verifier/client.go:40.160,44.2 2 0
github.com/balchua/demo-jetstream/pkg/dtrace/trace.go:22.56,25.16 2 0
github.com/balchua/demo-jetstream/pkg/dtrace/trace.go:28.2,40.3 4 0
github.com/balchua/demo-jetstream/pkg/dtrace/trace.go:25.16,27.3 1 0
github.com/balchua/demo-jetstream/pkg/dtrace/trace.go:43.57,50.2 1 0
github.com/balchua/demo-jetstream/pkg/dtrace/trace.go:52.26,53.60 1 0
github.com/balchua/demo-jetstream/pkg/dtrace/trace.go:53.60,55.3 1 0
github.com/balchua/demo-jetstream/pkg/dtrace/trace.go:58.45,60.2 1 0
github.com/balchua/demo-jetstream/pkg/consumer/consumer.go:23.95,29.2 1 0
github.com/balchua/demo-jetstream/pkg/consumer/consumer.go:31.124,33.16 2 0
github.com/balchua/demo-jetstream/pkg/consumer/consumer.go:39.2,39.6 1 0
github.com/balchua/demo-jetstream/pkg/consumer/consumer.go:33.16,37.3 3 0
github.com/balchua/demo-jetstream/pkg/consumer/consumer.go:39.6,40.10 1 0
github.com/balchua/demo-jetstream/pkg/consumer/consumer.go:48.3,50.17 2 0
github.com/balchua/demo-jetstream/pkg/consumer/consumer.go:55.3,55.28 1 0
github.com/balchua/demo-jetstream/pkg/consumer/consumer.go:88.3,88.60 1 0
github.com/balchua/demo-jetstream/pkg/consumer/consumer.go:41.21,45.10 4 0
github.com/balchua/demo-jetstream/pkg/consumer/consumer.go:46.11,46.11 0 0
github.com/balchua/demo-jetstream/pkg/consumer/consumer.go:50.17,54.4 3 0
github.com/balchua/demo-jetstream/pkg/consumer/consumer.go:55.28,68.18 13 0
github.com/balchua/demo-jetstream/pkg/consumer/consumer.go:71.4,86.14 6 0
github.com/balchua/demo-jetstream/pkg/consumer/consumer.go:68.18,70.5 1 0
github.com/balchua/demo-jetstream/pkg/dtrace/carrier.go:11.71,13.2 1 0
github.com/balchua/demo-jetstream/pkg/dtrace/carrier.go:15.52,16.43 1 0
github.com/balchua/demo-jetstream/pkg/dtrace/carrier.go:21.2,21.11 1 0
github.com/balchua/demo-jetstream/pkg/dtrace/carrier.go:16.43,17.23 1 0
github.com/balchua/demo-jetstream/pkg/dtrace/carrier.go:17.23,19.4 1 0
github.com/balchua/demo-jetstream/pkg/dtrace/carrier.go:25.50,27.2 1 0
github.com/balchua/demo-jetstream/pkg/dtrace/carrier.go:29.45,32.36 3 0
github.com/balchua/demo-jetstream/pkg/dtrace/carrier.go:36.2,36.12 1 0
github.com/balchua/demo-jetstream/pkg/dtrace/carrier.go:32.36,35.3 2 0
github.com/balchua/demo-jetstream/pkg/dtrace/trace.go:22.56,25.16 2 0
github.com/balchua/demo-jetstream/pkg/dtrace/trace.go:28.2,40.3 4 0
github.com/balchua/demo-jetstream/pkg/dtrace/trace.go:25.16,27.3 1 0
github.com/balchua/demo-jetstream/pkg/dtrace/trace.go:43.57,50.2 1 0
github.com/balchua/demo-jetstream/pkg/dtrace/trace.go:52.26,53.60 1 0
github.com/balchua/demo-jetstream/pkg/dtrace/trace.go:53.60,55.3 1 0
github.com/balchua/demo-jetstream/pkg/dtrace/trace.go:58.45,60.2 1 0
github.com/balchua/demo-jetstream/pkg/test_util/test_util.go:9.13,14.2 3 1
github.com/balchua/demo-jetstream/pkg/api/verifier/transaction_verifier.go:15.142,21.16 5 0
github.com/balchua/demo-jetstream/pkg/api/verifier/transaction_verifier.go:24.2,25.51 2 0
github.com/balchua/demo-jetstream/pkg/api/verifier/transaction_verifier.go:32.2,36.8 1 0
github.com/balchua/demo-jetstream/pkg/api/verifier/transaction_verifier.go:21.16,23.3 1 0
github.com/balchua/demo-jetstream/pkg/api/verifier/transaction_verifier.go:25.51,31.3 1 0
github.com/balchua/demo-jetstream/pkg/infra/setup.go:19.141,31.2 3 0
github.com/balchua/demo-jetstream/pkg/infra/setup.go:32.36,34.142 1 0
github.com/balchua/demo-jetstream/pkg/infra/setup.go:38.2,43.34 1 0
github.com/balchua/demo-jetstream/pkg/infra/setup.go:47.2,47.12 1 0
github.com/balchua/demo-jetstream/pkg/infra/setup.go:34.142,36.3 1 0
github.com/balchua/demo-jetstream/pkg/infra/setup.go:43.34,45.3 1 0
github.com/balchua/demo-jetstream/pkg/infra/jetstream.go:14.76,20.16 5 0
github.com/balchua/demo-jetstream/pkg/infra/jetstream.go:24.2,26.16 2 0
github.com/balchua/demo-jetstream/pkg/infra/jetstream.go:30.2,32.16 2 0
github.com/balchua/demo-jetstream/pkg/infra/jetstream.go:36.2,39.8 1 0
github.com/balchua/demo-jetstream/pkg/infra/jetstream.go:20.16,22.3 1 0
github.com/balchua/demo-jetstream/pkg/infra/jetstream.go:26.16,28.3 1 0
github.com/balchua/demo-jetstream/pkg/infra/jetstream.go:32.16,34.3 1 0
github.com/balchua/demo-jetstream/pkg/infra/jetstream.go:42.103,45.16 2 0
github.com/balchua/demo-jetstream/pkg/infra/jetstream.go:48.2,50.75 2 0
github.com/balchua/demo-jetstream/pkg/infra/jetstream.go:53.2,53.12 1 0
github.com/balchua/demo-jetstream/pkg/infra/jetstream.go:45.16,47.3 1 0
github.com/balchua/demo-jetstream/pkg/infra/jetstream.go:50.75,52.3 1 0
github.com/balchua/demo-jetstream/pkg/infra/jetstream.go:56.109,60.16 3 0
github.com/balchua/demo-jetstream/pkg/infra/jetstream.go:64.2,64.12 1 0
github.com/balchua/demo-jetstream/pkg/infra/jetstream.go:60.16,62.3 1 0
github.com/balchua/demo-jetstream/pkg/infra/jetstream.go:67.41,69.2 1 0
github.com/balchua/demo-jetstream/pkg/infra/jetstream.go:71.84,74.16 3 0
github.com/balchua/demo-jetstream/pkg/infra/jetstream.go:77.2,77.62 1 0
github.com/balchua/demo-jetstream/pkg/infra/jetstream.go:80.2,80.21 1 0
github.com/balchua/demo-jetstream/pkg/infra/jetstream.go:74.16,76.3 1 0
github.com/balchua/demo-jetstream/pkg/infra/jetstream.go:77.62,79.3 1 0
github.com/balchua/demo-jetstream/pkg/infra/nats.go:17.66,20.16 2 0
github.com/balchua/demo-jetstream/pkg/infra/nats.go:24.2,25.16 2 0
github.com/balchua/demo-jetstream/pkg/infra/nats.go:29.2,30.16 2 0
github.com/balchua/demo-jetstream/pkg/infra/nats.go:34.2,39.22 2 0
github.com/balchua/demo-jetstream/pkg/infra/nats.go:20.16,22.3 1 0
github.com/balchua/demo-jetstream/pkg/infra/nats.go:25.16,27.3 1 0
github.com/balchua/demo-jetstream/pkg/infra/nats.go:30.16,32.3 1 0
github.com/balchua/demo-jetstream/pkg/infra/nats.go:42.52,44.16 1 0
github.com/balchua/demo-jetstream/pkg/infra/nats.go:48.2,52.16 3 0
github.com/balchua/demo-jetstream/pkg/infra/nats.go:56.2,56.12 1 0
github.com/balchua/demo-jetstream/pkg/infra/nats.go:44.16,46.3 1 0
github.com/balchua/demo-jetstream/pkg/infra/nats.go:52.16,54.3 1 0
github.com/balchua/demo-jetstream/pkg/infra/nats.go:59.40,60.36 1 0
github.com/balchua/demo-jetstream/pkg/infra/nats.go:60.36,62.3 1 0
github.com/balchua/demo-jetstream/pkg/infra/nats.go:65.66,68.16 3 0
github.com/balchua/demo-jetstream/pkg/infra/nats.go:71.2,71.12 1 0
github.com/balchua/demo-jetstream/pkg/infra/nats.go:68.16,70.3 1 0
github.com/balchua/demo-jetstream/pkg/infra/nats.go:74.89,78.16 3 0
github.com/balchua/demo-jetstream/pkg/infra/nats.go:88.2,88.27 1 0
github.com/balchua/demo-jetstream/pkg/infra/nats.go:94.2,94.26 1 0
github.com/balchua/demo-jetstream/pkg/infra/nats.go:78.16,82.34 1 0
github.com/balchua/demo-jetstream/pkg/infra/nats.go:82.34,85.4 2 0
github.com/balchua/demo-jetstream/pkg/infra/nats.go:88.27,93.3 2 0
github.com/balchua/demo-jetstream/pkg/infra/nats.go:98.28,100.2 1 0
github.com/balchua/demo-jetstream/pkg/infra/types.go:28.50,35.2 2 0
github.com/balchua/demo-jetstream/pkg/infra/types.go:37.56,38.18 1 0
github.com/balchua/demo-jetstream/pkg/infra/types.go:41.2,41.21 1 0
github.com/balchua/demo-jetstream/pkg/infra/types.go:38.18,40.3 1 0
github.com/balchua/demo-jetstream/pkg/infra/types.go:44.52,45.18 1 0
github.com/balchua/demo-jetstream/pkg/infra/types.go:48.2,48.30 1 0
github.com/balchua/demo-jetstream/pkg/infra/types.go:45.18,47.3 1 0
github.com/balchua/demo-jetstream/pkg/infra/types.go:51.40,52.18 1 0
github.com/balchua/demo-jetstream/pkg/infra/types.go:55.2,55.19 1 0
github.com/balchua/demo-jetstream/pkg/infra/types.go:52.18,54.3 1 0
github.com/balchua/demo-jetstream/pkg/infra/types.go:58.59,60.2 1 0
github.com/balchua/demo-jetstream/pkg/infra/types.go:62.44,64.2 1 0
github.com/balchua/demo-jetstream/pkg/infra/types.go:66.29,68.2 1 0
github.com/balchua/demo-jetstream/pkg/infra/types.go:70.30,72.2 1 0
github.com/balchua/demo-jetstream/pkg/infra/types.go:74.60,76.2 1 0
github.com/balchua/demo-jetstream/pkg/publisher/publish_message.go:17.77,22.2 1 0
github.com/balchua/demo-jetstream/pkg/publisher/publish_message.go:24.107,38.16 12 0
github.com/balchua/demo-jetstream/pkg/publisher/publish_message.go:42.2,42.12 1 0
github.com/balchua/demo-jetstream/pkg/publisher/publish_message.go:38.16,40.3 1 0
github.com/balchua/demo-jetstream/pkg/api/verifier/client.go:20.110,24.16 3 0
github.com/balchua/demo-jetstream/pkg/api/verifier/client.go:28.2,32.21 2 0
github.com/balchua/demo-jetstream/pkg/api/verifier/client.go:24.16,26.3 1 0
github.com/balchua/demo-jetstream/pkg/api/verifier/client.go:35.58,38.2 2 0
github.com/balchua/demo-jetstream/pkg/api/verifier/client.go:40.160,44.2 2 0
github.com/balchua/demo-jetstream/pkg/api/verifier/mock_verifier.go:14.141,17.2 2 0
github.com/balchua/demo-jetstream/pkg/api/verifier/mock_verifier.go:19.43,21.2 1 0
github.com/balchua/demo-jetstream/pkg/api/verifier/verifier_grpc.pb.go:28.90,30.2 1 0
github.com/balchua/demo-jetstream/pkg/api/verifier/verifier_grpc.pb.go:32.167,35.16 3 0
github.com/balchua/demo-jetstream/pkg/api/verifier/verifier_grpc.pb.go:38.2,38.17 1 0
github.com/balchua/demo-jetstream/pkg/api/verifier/verifier_grpc.pb.go:35.16,37.3 1 0
github.com/balchua/demo-jetstream/pkg/api/verifier/verifier_grpc.pb.go:53.145,55.2 1 0
github.com/balchua/demo-jetstream/pkg/api/verifier/verifier_grpc.pb.go:56.98,56.99 0 0
github.com/balchua/demo-jetstream/pkg/api/verifier/verifier_grpc.pb.go:65.96,67.2 1 0
github.com/balchua/demo-jetstream/pkg/api/verifier/verifier_grpc.pb.go:69.182,71.32 2 0
github.com/balchua/demo-jetstream/pkg/api/verifier/verifier_grpc.pb.go:74.2,74.24 1 0
github.com/balchua/demo-jetstream/pkg/api/verifier/verifier_grpc.pb.go:77.2,81.77 2 0
github.com/balchua/demo-jetstream/pkg/api/verifier/verifier_grpc.pb.go:84.2,84.44 1 0
github.com/balchua/demo-jetstream/pkg/api/verifier/verifier_grpc.pb.go:71.32,73.3 1 0
github.com/balchua/demo-jetstream/pkg/api/verifier/verifier_grpc.pb.go:74.24,76.3 1 0
github.com/balchua/demo-jetstream/pkg/api/verifier/verifier_grpc.pb.go:81.77,83.3 1 0
github.com/balchua/demo-jetstream/pkg/api/verifier/verifier.pb.go:42.40,46.2 3 0
github.com/balchua/demo-jetstream/pkg/api/verifier/verifier.pb.go:48.37,50.2 1 0
github.com/balchua/demo-jetstream/pkg/api/verifier/verifier.pb.go:52.60,54.2 1 0
github.com/balchua/demo-jetstream/pkg/api/verifier/verifier.pb.go:56.48,58.2 1 0
github.com/balchua/demo-jetstream/pkg/api/verifier/verifier.pb.go:60.54,62.2 1 0
github.com/balchua/demo-jetstream/pkg/api/verifier/verifier.pb.go:65.52,67.2 1 0
github.com/balchua/demo-jetstream/pkg/api/verifier/verifier.pb.go:80.31,82.29 2 0
github.com/balchua/demo-jetstream/pkg/api/verifier/verifier.pb.go:82.29,86.3 3 0
github.com/balchua/demo-jetstream/pkg/api/verifier/verifier.pb.go:89.39,91.2 1 0
github.com/balchua/demo-jetstream/pkg/api/verifier/verifier.pb.go:93.37,93.38 0 0
github.com/balchua/demo-jetstream/pkg/api/verifier/verifier.pb.go:95.59,97.41 2 0
github.com/balchua/demo-jetstream/pkg/api/verifier/verifier.pb.go:104.2,104.24 1 0
github.com/balchua/demo-jetstream/pkg/api/verifier/verifier.pb.go:97.41,99.34 2 0
github.com/balchua/demo-jetstream/pkg/api/verifier/verifier.pb.go:102.3,102.12 1 0
github.com/balchua/demo-jetstream/pkg/api/verifier/verifier.pb.go:99.34,101.4 1 0
github.com/balchua/demo-jetstream/pkg/api/verifier/verifier.pb.go:108.50,110.2 1 0
github.com/balchua/demo-jetstream/pkg/api/verifier/verifier.pb.go:112.41,113.14 1 0
github.com/balchua/demo-jetstream/pkg/api/verifier/verifier.pb.go:116.2,116.10 1 0
github.com/balchua/demo-jetstream/pkg/api/verifier/verifier.pb.go:113.14,115.3 1 0
github.com/balchua/demo-jetstream/pkg/api/verifier/verifier.pb.go:119.48,120.14 1 0
github.com/balchua/demo-jetstream/pkg/api/verifier/verifier.pb.go:123.2,123.10 1 0
github.com/balchua/demo-jetstream/pkg/api/verifier/verifier.pb.go:120.14,122.3 1 0
github.com/balchua/demo-jetstream/pkg/api/verifier/verifier.pb.go:126.42,127.14 1 0
github.com/balchua/demo-jetstream/pkg/api/verifier/verifier.pb.go:130.2,130.11 1 0
github.com/balchua/demo-jetstream/pkg/api/verifier/verifier.pb.go:127.14,129.3 1 0
github.com/balchua/demo-jetstream/pkg/api/verifier/verifier.pb.go:133.42,134.14 1 0
github.com/balchua/demo-jetstream/pkg/api/verifier/verifier.pb.go:137.2,137.11 1 0
github.com/balchua/demo-jetstream/pkg/api/verifier/verifier.pb.go:134.14,136.3 1 0
github.com/balchua/demo-jetstream/pkg/api/verifier/verifier.pb.go:148.44,150.29 2 0
github.com/balchua/demo-jetstream/pkg/api/verifier/verifier.pb.go:150.29,154.3 3 0
github.com/balchua/demo-jetstream/pkg/api/verifier/verifier.pb.go:157.52,159.2 1 0
github.com/balchua/demo-jetstream/pkg/api/verifier/verifier.pb.go:161.50,161.51 0 0
github.com/balchua/demo-jetstream/pkg/api/verifier/verifier.pb.go:163.72,165.41 2 0
github.com/balchua/demo-jetstream/pkg/api/verifier/verifier.pb.go:172.2,172.24 1 0
github.com/balchua/demo-jetstream/pkg/api/verifier/verifier.pb.go:165.41,167.34 2 0
github.com/balchua/demo-jetstream/pkg/api/verifier/verifier.pb.go:170.3,170.12 1 0
github.com/balchua/demo-jetstream/pkg/api/verifier/verifier.pb.go:167.34,169.4 1 0
github.com/balchua/demo-jetstream/pkg/api/verifier/verifier.pb.go:176.63,178.2 1 0
github.com/balchua/demo-jetstream/pkg/api/verifier/verifier.pb.go:180.57,181.14 1 0
github.com/balchua/demo-jetstream/pkg/api/verifier/verifier.pb.go:184.2,184.12 1 0
github.com/balchua/demo-jetstream/pkg/api/verifier/verifier.pb.go:181.14,183.3 1 0
github.com/balchua/demo-jetstream/pkg/api/verifier/verifier.pb.go:197.45,199.29 2 0
github.com/balchua/demo-jetstream/pkg/api/verifier/verifier.pb.go:199.29,203.3 3 0
github.com/balchua/demo-jetstream/pkg/api/verifier/verifier.pb.go:206.53,208.2 1 0
github.com/balchua/demo-jetstream/pkg/api/verifier/verifier.pb.go:210.51,210.52 0 0
github.com/balchua/demo-jetstream/pkg/api/verifier/verifier.pb.go:212.73,214.41 2 0
github.com/balchua/demo-jetstream/pkg/api/verifier/verifier.pb.go:221.2,221.24 1 0
github.com/balchua/demo-jetstream/pkg/api/verifier/verifier.pb.go:214.41,216.34 2 0
github.com/balchua/demo-jetstream/pkg/api/verifier/verifier.pb.go:219.3,219.12 1 0
github.com/balchua/demo-jetstream/pkg/api/verifier/verifier.pb.go:216.34,218.4 1 0
github.com/balchua/demo-jetstream/pkg/api/verifier/verifier.pb.go:225.64,227.2 1 0
github.com/balchua/demo-jetstream/pkg/api/verifier/verifier.pb.go:229.57,230.14 1 0
github.com/balchua/demo-jetstream/pkg/api/verifier/verifier.pb.go:233.2,233.11 1 0
github.com/balchua/demo-jetstream/pkg/api/verifier/verifier.pb.go:230.14,232.3 1 0
github.com/balchua/demo-jetstream/pkg/api/verifier/verifier.pb.go:236.58,237.14 1 0
github.com/balchua/demo-jetstream/pkg/api/verifier/verifier.pb.go:240.2,240.12 1 0
github.com/balchua/demo-jetstream/pkg/api/verifier/verifier.pb.go:237.14,239.3 1 0
github.com/balchua/demo-jetstream/pkg/api/verifier/verifier.pb.go:243.58,244.14 1 0
github.com/balchua/demo-jetstream/pkg/api/verifier/verifier.pb.go:247.2,247.22 1 0
github.com/balchua/demo-jetstream/pkg/api/verifier/verifier.pb.go:244.14,246.3 1 0
github.com/balchua/demo-jetstream/pkg/api/verifier/verifier.pb.go:301.64,302.61 1 0
github.com/balchua/demo-jetstream/pkg/api/verifier/verifier.pb.go:305.2,305.57 1 0
github.com/balchua/demo-jetstream/pkg/api/verifier/verifier.pb.go:302.61,304.3 1 0
github.com/balchua/demo-jetstream/pkg/api/verifier/verifier.pb.go:329.13,329.60 1 1
github.com/balchua/demo-jetstream/pkg/api/verifier/verifier.pb.go:330.50,331.49 1 1
github.com/balchua/demo-jetstream/pkg/api/verifier/verifier.pb.go:334.2,334.30 1 1
github.com/balchua/demo-jetstream/pkg/api/verifier/verifier.pb.go:372.2,390.52 6 1
github.com/balchua/demo-jetstream/pkg/api/verifier/verifier.pb.go:331.49,333.3 1 0
github.com/balchua/demo-jetstream/pkg/api/verifier/verifier.pb.go:334.30,335.102 1 0
github.com/balchua/demo-jetstream/pkg/api/verifier/verifier.pb.go:347.3,347.102 1 0
github.com/balchua/demo-jetstream/pkg/api/verifier/verifier.pb.go:359.3,359.102 1 0
github.com/balchua/demo-jetstream/pkg/api/verifier/verifier.pb.go:335.102,336.36 1 0
github.com/balchua/demo-jetstream/pkg/api/verifier/verifier.pb.go:337.11,338.20 1 0
github.com/balchua/demo-jetstream/pkg/api/verifier/verifier.pb.go:339.11,340.24 1 0
github.com/balchua/demo-jetstream/pkg/api/verifier/verifier.pb.go:341.11,342.28 1 0
github.com/balchua/demo-jetstream/pkg/api/verifier/verifier.pb.go:343.12,344.15 1 0
github.com/balchua/demo-jetstream/pkg/api/verifier/verifier.pb.go:347.102,348.49 1 0
github.com/balchua/demo-jetstream/pkg/api/verifier/verifier.pb.go:349.11,350.20 1 0
github.com/balchua/demo-jetstream/pkg/api/verifier/verifier.pb.go:351.11,352.24 1 0
github.com/balchua/demo-jetstream/pkg/api/verifier/verifier.pb.go:353.11,354.28 1 0
github.com/balchua/demo-jetstream/pkg/api/verifier/verifier.pb.go:355.12,356.15 1 0
github.com/balchua/demo-jetstream/pkg/api/verifier/verifier.pb.go:359.102,360.50 1 0
github.com/balchua/demo-jetstream/pkg/api/verifier/verifier.pb.go:361.11,362.20 1 0
github.com/balchua/demo-jetstream/pkg/api/verifier/verifier.pb.go:363.11,364.24 1 0
github.com/balchua/demo-jetstream/pkg/api/verifier/verifier.pb.go:365.11,366.28 1 0
github.com/balchua/demo-jetstream/pkg/api/verifier/verifier.pb.go:367.12,368.15 1 0
github.com/balchua/demo-jetstream/pkg/infra/mock_nats.go:13.52,16.2 2 0
github.com/balchua/demo-jetstream/pkg/infra/mock_nats.go:18.66,21.2 2 0
github.com/balchua/demo-jetstream/pkg/infra/mock_nats.go:23.89,26.2 2 0
github.com/balchua/demo-jetstream/pkg/infra/mock_nats.go:28.28,30.2 1 0
github.com/balchua/demo-jetstream/pkg/consumer/consumer.go:23.95,29.2 1 0
github.com/balchua/demo-jetstream/pkg/consumer/consumer.go:31.124,33.16 2 0
github.com/balchua/demo-jetstream/pkg/consumer/consumer.go:39.2,39.6 1 0
github.com/balchua/demo-jetstream/pkg/consumer/consumer.go:33.16,37.3 3 0
github.com/balchua/demo-jetstream/pkg/consumer/consumer.go:39.6,40.10 1 0
github.com/balchua/demo-jetstream/pkg/consumer/consumer.go:48.3,50.17 2 0
github.com/balchua/demo-jetstream/pkg/consumer/consumer.go:55.3,55.28 1 0
github.com/balchua/demo-jetstream/pkg/consumer/consumer.go:88.3,88.60 1 0
github.com/balchua/demo-jetstream/pkg/consumer/consumer.go:41.21,45.10 4 0
github.com/balchua/demo-jetstream/pkg/consumer/consumer.go:46.11,46.11 0 0
github.com/balchua/demo-jetstream/pkg/consumer/consumer.go:50.17,54.4 3 0
github.com/balchua/demo-jetstream/pkg/consumer/consumer.go:55.28,68.18 13 0
github.com/balchua/demo-jetstream/pkg/consumer/consumer.go:71.4,86.14 6 0
github.com/balchua/demo-jetstream/pkg/consumer/consumer.go:68.18,70.5 1 0
github.com/balchua/demo-jetstream/pkg/monitoring/monitor.go:20.93,27.2 1 1
github.com/balchua/demo-jetstream/pkg/monitoring/monitor.go:29.34,30.6 1 1
github.com/balchua/demo-jetstream/pkg/monitoring/monitor.go:30.6,32.3 1 1
github.com/balchua/demo-jetstream/pkg/monitoring/monitor.go:35.48,38.16 3 1
github.com/balchua/demo-jetstream/pkg/monitoring/monitor.go:42.2,47.57 6 1
github.com/balchua/demo-jetstream/pkg/monitoring/monitor.go:38.16,41.3 2 1
github.com/balchua/demo-jetstream/pkg/monitoring/monitor.go:50.59,52.39 1 1
github.com/balchua/demo-jetstream/pkg/monitoring/monitor.go:52.39,53.27 1 1
github.com/balchua/demo-jetstream/pkg/monitoring/monitor.go:53.27,54.24 1 1
github.com/balchua/demo-jetstream/pkg/monitoring/monitor.go:54.24,55.33 1 1
github.com/balchua/demo-jetstream/pkg/monitoring/monitor.go:55.33,56.39 1 1
github.com/balchua/demo-jetstream/pkg/monitoring/monitor.go:56.39,57.71 1 1
github.com/balchua/demo-jetstream/pkg/monitoring/monitor.go:57.71,59.24 2 1
github.com/balchua/demo-jetstream/pkg/monitoring/monitor.go:59.24,61.14 2 1
github.com/balchua/demo-jetstream/pkg/infra/types.go:28.50,35.2 2 1
github.com/balchua/demo-jetstream/pkg/infra/types.go:37.56,38.18 1 0
github.com/balchua/demo-jetstream/pkg/infra/types.go:41.2,41.21 1 0
github.com/balchua/demo-jetstream/pkg/infra/types.go:38.18,40.3 1 0
github.com/balchua/demo-jetstream/pkg/infra/types.go:44.52,45.18 1 0
github.com/balchua/demo-jetstream/pkg/infra/types.go:48.2,48.30 1 0
github.com/balchua/demo-jetstream/pkg/infra/types.go:45.18,47.3 1 0
github.com/balchua/demo-jetstream/pkg/infra/types.go:51.40,52.18 1 0
github.com/balchua/demo-jetstream/pkg/infra/types.go:55.2,55.19 1 0
github.com/balchua/demo-jetstream/pkg/infra/types.go:52.18,54.3 1 0
github.com/balchua/demo-jetstream/pkg/infra/types.go:58.59,60.2 1 1
github.com/balchua/demo-jetstream/pkg/infra/types.go:62.44,64.2 1 1
github.com/balchua/demo-jetstream/pkg/infra/types.go:66.29,68.2 1 0
github.com/balchua/demo-jetstream/pkg/infra/types.go:70.30,72.2 1 0
github.com/balchua/demo-jetstream/pkg/infra/types.go:74.60,76.2 1 0
github.com/balchua/demo-jetstream/pkg/dtrace/trace.go:22.56,25.16 2 0
github.com/balchua/demo-jetstream/pkg/dtrace/trace.go:28.2,40.3 4 0
github.com/balchua/demo-jetstream/pkg/dtrace/trace.go:25.16,27.3 1 0
github.com/balchua/demo-jetstream/pkg/dtrace/trace.go:43.57,50.2 1 0
github.com/balchua/demo-jetstream/pkg/dtrace/trace.go:52.26,53.60 1 0
github.com/balchua/demo-jetstream/pkg/dtrace/trace.go:53.60,55.3 1 0
github.com/balchua/demo-jetstream/pkg/dtrace/trace.go:58.45,60.2 1 0
github.com/balchua/demo-jetstream/pkg/consumer/consumer.go:23.95,29.2 1 0
github.com/balchua/demo-jetstream/pkg/consumer/consumer.go:31.124,33.16 2 0
github.com/balchua/demo-jetstream/pkg/consumer/consumer.go:39.2,39.6 1 0
github.com/balchua/demo-jetstream/pkg/consumer/consumer.go:33.16,37.3 3 0
github.com/balchua/demo-jetstream/pkg/consumer/consumer.go:39.6,40.10 1 0
github.com/balchua/demo-jetstream/pkg/consumer/consumer.go:48.3,50.17 2 0
github.com/balchua/demo-jetstream/pkg/consumer/consumer.go:55.3,55.28 1 0
github.com/balchua/demo-jetstream/pkg/consumer/consumer.go:88.3,88.60 1 0
github.com/balchua/demo-jetstream/pkg/consumer/consumer.go:41.21,45.10 4 0
github.com/balchua/demo-jetstream/pkg/consumer/consumer.go:46.11,46.11 0 0
github.com/balchua/demo-jetstream/pkg/consumer/consumer.go:50.17,54.4 3 0
github.com/balchua/demo-jetstream/pkg/consumer/consumer.go:55.28,68.18 13 0
github.com/balchua/demo-jetstream/pkg/consumer/consumer.go:71.4,86.14 6 0
github.com/balchua/demo-jetstream/pkg/consumer/consumer.go:68.18,70.5 1 0
github.com/balchua/demo-jetstream/pkg/api/verifier/transaction_verifier.go:15.142,21.16 5 0
github.com/balchua/demo-jetstream/pkg/api/verifier/transaction_verifier.go:24.2,25.51 2 0
github.com/balchua/demo-jetstream/pkg/api/verifier/transaction_verifier.go:32.2,36.8 1 0
github.com/balchua/demo-jetstream/pkg/api/verifier/transaction_verifier.go:21.16,23.3 1 0
github.com/balchua/demo-jetstream/pkg/api/verifier/transaction_verifier.go:25.51,31.3 1 0
github.com/balchua/demo-jetstream/pkg/infra/mock_nats.go:13.52,16.2 2 1
github.com/balchua/demo-jetstream/pkg/infra/mock_nats.go:18.66,21.2 2 0
github.com/balchua/demo-jetstream/pkg/infra/mock_nats.go:23.89,26.2 2 0
github.com/balchua/demo-jetstream/pkg/infra/mock_nats.go:28.28,30.2 1 0
github.com/balchua/demo-jetstream/pkg/infra/setup.go:19.141,31.2 3 0
github.com/balchua/demo-jetstream/pkg/infra/setup.go:32.36,34.142 1 0
github.com/balchua/demo-jetstream/pkg/infra/setup.go:38.2,43.34 1 0
github.com/balchua/demo-jetstream/pkg/infra/setup.go:47.2,47.12 1 0
github.com/balchua/demo-jetstream/pkg/infra/setup.go:34.142,36.3 1 0
github.com/balchua/demo-jetstream/pkg/infra/setup.go:43.34,45.3 1 0
github.com/balchua/demo-jetstream/pkg/dtrace/carrier.go:11.71,13.2 1 1
github.com/balchua/demo-jetstream/pkg/dtrace/carrier.go:15.52,16.43 1 0
github.com/balchua/demo-jetstream/pkg/dtrace/carrier.go:21.2,21.11 1 0
github.com/balchua/demo-jetstream/pkg/dtrace/carrier.go:16.43,17.23 1 0
github.com/balchua/demo-jetstream/pkg/dtrace/carrier.go:17.23,19.4 1 0
github.com/balchua/demo-jetstream/pkg/dtrace/carrier.go:25.50,27.2 1 0
github.com/balchua/demo-jetstream/pkg/dtrace/carrier.go:29.45,32.36 3 0
github.com/balchua/demo-jetstream/pkg/dtrace/carrier.go:36.2,36.12 1 0
github.com/balchua/demo-jetstream/pkg/dtrace/carrier.go:32.36,35.3 2 0
github.com/balchua/demo-jetstream/pkg/monitoring/monitor.go:20.93,27.2 1 0
github.com/balchua/demo-jetstream/pkg/monitoring/monitor.go:29.34,30.6 1 0
github.com/balchua/demo-jetstream/pkg/monitoring/monitor.go:30.6,32.3 1 0
github.com/balchua/demo-jetstream/pkg/monitoring/monitor.go:35.48,38.16 3 0
github.com/balchua/demo-jetstream/pkg/monitoring/monitor.go:42.2,47.57 6 0
github.com/balchua/demo-jetstream/pkg/monitoring/monitor.go:38.16,41.3 2 0
github.com/balchua/demo-jetstream/pkg/monitoring/monitor.go:50.59,52.39 1 0
github.com/balchua/demo-jetstream/pkg/monitoring/monitor.go:52.39,53.27 1 0
github.com/balchua/demo-jetstream/pkg/monitoring/monitor.go:53.27,54.24 1 0
github.com/balchua/demo-jetstream/pkg/monitoring/monitor.go:54.24,55.33 1 0
github.com/balchua/demo-jetstream/pkg/monitoring/monitor.go:55.33,56.39 1 0
github.com/balchua/demo-jetstream/pkg/monitoring/monitor.go:56.39,57.71 1 0
github.com/balchua/demo-jetstream/pkg/monitoring/monitor.go:57.71,59.24 2 0
github.com/balchua/demo-jetstream/pkg/monitoring/monitor.go:59.24,61.14 2 0
github.com/balchua/demo-jetstream/pkg/publisher/publish_message.go:17.77,22.2 1 1
github.com/balchua/demo-jetstream/pkg/publisher/publish_message.go:24.107,38.16 12 1
github.com/balchua/demo-jetstream/pkg/publisher/publish_message.go:42.2,42.12 1 1
github.com/balchua/demo-jetstream/pkg/publisher/publish_message.go:38.16,40.3 1 1
github.com/balchua/demo-jetstream/pkg/infra/jetstream.go:14.76,20.16 5 0
github.com/balchua/demo-jetstream/pkg/infra/jetstream.go:24.2,26.16 2 0
github.com/balchua/demo-jetstream/pkg/infra/jetstream.go:30.2,32.16 2 0
github.com/balchua/demo-jetstream/pkg/infra/jetstream.go:36.2,39.8 1 0
github.com/balchua/demo-jetstream/pkg/infra/jetstream.go:20.16,22.3 1 0
github.com/balchua/demo-jetstream/pkg/infra/jetstream.go:26.16,28.3 1 0
github.com/balchua/demo-jetstream/pkg/infra/jetstream.go:32.16,34.3 1 0
github.com/balchua/demo-jetstream/pkg/infra/jetstream.go:42.103,45.16 2 0
github.com/balchua/demo-jetstream/pkg/infra/jetstream.go:48.2,50.75 2 0
github.com/balchua/demo-jetstream/pkg/infra/jetstream.go:53.2,53.12 1 0
github.com/balchua/demo-jetstream/pkg/infra/jetstream.go:45.16,47.3 1 0
github.com/balchua/demo-jetstream/pkg/infra/jetstream.go:50.75,52.3 1 0
github.com/balchua/demo-jetstream/pkg/infra/jetstream.go:56.109,60.16 3 0
github.com/balchua/demo-jetstream/pkg/infra/jetstream.go:64.2,64.12 1 0
github.com/balchua/demo-jetstream/pkg/infra/jetstream.go:60.16,62.3 1 0
github.com/balchua/demo-jetstream/pkg/infra/jetstream.go:67.41,69.2 1 0
github.com/balchua/demo-jetstream/pkg/infra/jetstream.go:71.84,74.16 3 0
github.com/balchua/demo-jetstream/pkg/infra/jetstream.go:77.2,77.62 1 0
github.com/balchua/demo-jetstream/pkg/infra/jetstream.go:80.2,80.21 1 0
github.com/balchua/demo-jetstream/pkg/infra/jetstream.go:74.16,76.3 1 0
github.com/balchua/demo-jetstream/pkg/infra/jetstream.go:77.62,79.3 1 0
github.com/balchua/demo-jetstream/pkg/api/verifier/client.go:20.110,24.16 3 0
github.com/balchua/demo-jetstream/pkg/api/verifier/client.go:28.2,32.21 2 0
github.com/balchua/demo-jetstream/pkg/api/verifier/client.go:24.16,26.3 1 0
github.com/balchua/demo-jetstream/pkg/api/verifier/client.go:35.58,38.2 2 0
github.com/balchua/demo-jetstream/pkg/api/verifier/client.go:40.160,44.2 2 0
github.com/balchua/demo-jetstream/pkg/api/verifier/verifier.pb.go:42.40,46.2 3 0
github.com/balchua/demo-jetstream/pkg/api/verifier/verifier.pb.go:48.37,50.2 1 0
github.com/balchua/demo-jetstream/pkg/api/verifier/verifier.pb.go:52.60,54.2 1 0
github.com/balchua/demo-jetstream/pkg/api/verifier/verifier.pb.go:56.48,58.2 1 0
github.com/balchua/demo-jetstream/pkg/api/verifier/verifier.pb.go:60.54,62.2 1 0
github.com/balchua/demo-jetstream/pkg/api/verifier/verifier.pb.go:65.52,67.2 1 0
github.com/balchua/demo-jetstream/pkg/api/verifier/verifier.pb.go:80.31,82.29 2 0
github.com/balchua/demo-jetstream/pkg/api/verifier/verifier.pb.go:82.29,86.3 3 0
github.com/balchua/demo-jetstream/pkg/api/verifier/verifier.pb.go:89.39,91.2 1 0
github.com/balchua/demo-jetstream/pkg/api/verifier/verifier.pb.go:93.37,93.38 0 0
github.com/balchua/demo-jetstream/pkg/api/verifier/verifier.pb.go:95.59,97.41 2 0
github.com/balchua/demo-jetstream/pkg/api/verifier/verifier.pb.go:104.2,104.24 1 0
github.com/balchua/demo-jetstream/pkg/api/verifier/verifier.pb.go:97.41,99.34 2 0
github.com/balchua/demo-jetstream/pkg/api/verifier/verifier.pb.go:102.3,102.12 1 0
github.com/balchua/demo-jetstream/pkg/api/verifier/verifier.pb.go:99.34,101.4 1 0
github.com/balchua/demo-jetstream/pkg/api/verifier/verifier.pb.go:108.50,110.2 1 0
github.com/balchua/demo-jetstream/pkg/api/verifier/verifier.pb.go:112.41,113.14 1 0
github.com/balchua/demo-jetstream/pkg/api/verifier/verifier.pb.go:116.2,116.10 1 0
github.com/balchua/demo-jetstream/pkg/api/verifier/verifier.pb.go:113.14,115.3 1 0
github.com/balchua/demo-jetstream/pkg/api/verifier/verifier.pb.go:119.48,120.14 1 0
github.com/balchua/demo-jetstream/pkg/api/verifier/verifier.pb.go:123.2,123.10 1 0
github.com/balchua/demo-jetstream/pkg/api/verifier/verifier.pb.go:120.14,122.3 1 0
github.com/balchua/demo-jetstream/pkg/api/verifier/verifier.pb.go:126.42,127.14 1 0
github.com/balchua/demo-jetstream/pkg/api/verifier/verifier.pb.go:130.2,130.11 1 0
github.com/balchua/demo-jetstream/pkg/api/verifier/verifier.pb.go:127.14,129.3 1 0
github.com/balchua/demo-jetstream/pkg/api/verifier/verifier.pb.go:133.42,134.14 1 0
github.com/balchua/demo-jetstream/pkg/api/verifier/verifier.pb.go:137.2,137.11 1 0
github.com/balchua/demo-jetstream/pkg/api/verifier/verifier.pb.go:134.14,136.3 1 0
github.com/balchua/demo-jetstream/pkg/api/verifier/verifier.pb.go:148.44,150.29 2 0
github.com/balchua/demo-jetstream/pkg/api/verifier/verifier.pb.go:150.29,154.3 3 0
github.com/balchua/demo-jetstream/pkg/api/verifier/verifier.pb.go:157.52,159.2 1 0
github.com/balchua/demo-jetstream/pkg/api/verifier/verifier.pb.go:161.50,161.51 0 0
github.com/balchua/demo-jetstream/pkg/api/verifier/verifier.pb.go:163.72,165.41 2 0
github.com/balchua/demo-jetstream/pkg/api/verifier/verifier.pb.go:172.2,172.24 1 0
github.com/balchua/demo-jetstream/pkg/api/verifier/verifier.pb.go:165.41,167.34 2 0
github.com/balchua/demo-jetstream/pkg/api/verifier/verifier.pb.go:170.3,170.12 1 0
github.com/balchua/demo-jetstream/pkg/api/verifier/verifier.pb.go:167.34,169.4 1 0
github.com/balchua/demo-jetstream/pkg/api/verifier/verifier.pb.go:176.63,178.2 1 0
github.com/balchua/demo-jetstream/pkg/api/verifier/verifier.pb.go:180.57,181.14 1 0
github.com/balchua/demo-jetstream/pkg/api/verifier/verifier.pb.go:184.2,184.12 1 0
github.com/balchua/demo-jetstream/pkg/api/verifier/verifier.pb.go:181.14,183.3 1 0
github.com/balchua/demo-jetstream/pkg/api/verifier/verifier.pb.go:197.45,199.29 2 0
github.com/balchua/demo-jetstream/pkg/api/verifier/verifier.pb.go:199.29,203.3 3 0
github.com/balchua/demo-jetstream/pkg/api/verifier/verifier.pb.go:206.53,208.2 1 0
github.com/balchua/demo-jetstream/pkg/api/verifier/verifier.pb.go:210.51,210.52 0 0
github.com/balchua/demo-jetstream/pkg/api/verifier/verifier.pb.go:212.73,214.41 2 0
github.com/balchua/demo-jetstream/pkg/api/verifier/verifier.pb.go:221.2,221.24 1 0
github.com/balchua/demo-jetstream/pkg/api/verifier/verifier.pb.go:214.41,216.34 2 0
github.com/balchua/demo-jetstream/pkg/api/verifier/verifier.pb.go:219.3,219.12 1 0
github.com/balchua/demo-jetstream/pkg/api/verifier/verifier.pb.go:216.34,218.4 1 0
github.com/balchua/demo-jetstream/pkg/api/verifier/verifier.pb.go:225.64,227.2 1 0
github.com/balchua/demo-jetstream/pkg/api/verifier/verifier.pb.go:229.57,230.14 1 0
github.com/balchua/demo-jetstream/pkg/api/verifier/verifier.pb.go:233.2,233.11 1 0
github.com/balchua/demo-jetstream/pkg/api/verifier/verifier.pb.go:230.14,232.3 1 0
github.com/balchua/demo-jetstream/pkg/api/verifier/verifier.pb.go:236.58,237.14 1 0
github.com/balchua/demo-jetstream/pkg/api/verifier/verifier.pb.go:240.2,240.12 1 0
github.com/balchua/demo-jetstream/pkg/api/verifier/verifier.pb.go:237.14,239.3 1 0
github.com/balchua/demo-jetstream/pkg/api/verifier/verifier.pb.go:243.58,244.14 1 0
github.com/balchua/demo-jetstream/pkg/api/verifier/verifier.pb.go:247.2,247.22 1 0
github.com/balchua/demo-jetstream/pkg/api/verifier/verifier.pb.go:244.14,246.3 1 0
github.com/balchua/demo-jetstream/pkg/api/verifier/verifier.pb.go:301.64,302.61 1 0
github.com/balchua/demo-jetstream/pkg/api/verifier/verifier.pb.go:305.2,305.57 1 0
github.com/balchua/demo-jetstream/pkg/api/verifier/verifier.pb.go:302.61,304.3 1 0
github.com/balchua/demo-jetstream/pkg/api/verifier/verifier.pb.go:329.13,329.60 1 1
github.com/balchua/demo-jetstream/pkg/api/verifier/verifier.pb.go:330.50,331.49 1 1
github.com/balchua/demo-jetstream/pkg/api/verifier/verifier.pb.go:334.2,334.30 1 1
github.com/balchua/demo-jetstream/pkg/api/verifier/verifier.pb.go:372.2,390.52 6 1
github.com/balchua/demo-jetstream/pkg/api/verifier/verifier.pb.go:331.49,333.3 1 0
github.com/balchua/demo-jetstream/pkg/api/verifier/verifier.pb.go:334.30,335.102 1 0
github.com/balchua/demo-jetstream/pkg/api/verifier/verifier.pb.go:347.3,347.102 1 0
github.com/balchua/demo-jetstream/pkg/api/verifier/verifier.pb.go:359.3,359.102 1 0
github.com/balchua/demo-jetstream/pkg/api/verifier/verifier.pb.go:335.102,336.36 1 0
github.com/balchua/demo-jetstream/pkg/api/verifier/verifier.pb.go:337.11,338.20 1 0
github.com/balchua/demo-jetstream/pkg/api/verifier/verifier.pb.go:339.11,340.24 1 0
github.com/balchua/demo-jetstream/pkg/api/verifier/verifier.pb.go:341.11,342.28 1 0
github.com/balchua/demo-jetstream/pkg/api/verifier/verifier.pb.go:343.12,344.15 1 0
github.com/balchua/demo-jetstream/pkg/api/verifier/verifier.pb.go:347.102,348.49 1 0
github.com/balchua/demo-jetstream/pkg/api/verifier/verifier.pb.go:349.11,350.20 1 0
github.com/balchua/demo-jetstream/pkg/api/verifier/verifier.pb.go:351.11,352.24 1 0
github.com/balchua/demo-jetstream/pkg/api/verifier/verifier.pb.go:353.11,354.28 1 0
github.com/balchua/demo-jetstream/pkg/api/verifier/verifier.pb.go:355.12,356.15 1 0
github.com/balchua/demo-jetstream/pkg/api/verifier/verifier.pb.go:359.102,360.50 1 0
github.com/balchua/demo-jetstream/pkg/api/verifier/verifier.pb.go:361.11,362.20 1 0
github.com/balchua/demo-jetstream/pkg/api/verifier/verifier.pb.go:363.11,364.24 1 0
github.com/balchua/demo-jetstream/pkg/api/verifier/verifier.pb.go:365.11,366.28 1 0
github.com/balchua/demo-jetstream/pkg/api/verifier/verifier.pb.go:367.12,368.15 1 0
github.com/balchua/demo-jetstream/pkg/api/verifier/verifier_grpc.pb.go:28.90,30.2 1 0
github.com/balchua/demo-jetstream/pkg/api/verifier/verifier_grpc.pb.go:32.167,35.16 3 0
github.com/balchua/demo-jetstream/pkg/api/verifier/verifier_grpc.pb.go:38.2,38.17 1 0
github.com/balchua/demo-jetstream/pkg/api/verifier/verifier_grpc.pb.go:35.16,37.3 1 0
github.com/balchua/demo-jetstream/pkg/api/verifier/verifier_grpc.pb.go:53.145,55.2 1 0
github.com/balchua/demo-jetstream/pkg/api/verifier/verifier_grpc.pb.go:56.98,56.99 0 0
github.com/balchua/demo-jetstream/pkg/api/verifier/verifier_grpc.pb.go:65.96,67.2 1 0
github.com/balchua/demo-jetstream/pkg/api/verifier/verifier_grpc.pb.go:69.182,71.32 2 0
github.com/balchua/demo-jetstream/pkg/api/verifier/verifier_grpc.pb.go:74.2,74.24 1 0
github.com/balchua/demo-jetstream/pkg/api/verifier/verifier_grpc.pb.go:77.2,81.77 2 0
github.com/balchua/demo-jetstream/pkg/api/verifier/verifier_grpc.pb.go:84.2,84.44 1 0
github.com/balchua/demo-jetstream/pkg/api/verifier/verifier_grpc.pb.go:71.32,73.3 1 0
github.com/balchua/demo-jetstream/pkg/api/verifier/verifier_grpc.pb.go:74.24,76.3 1 0
github.com/balchua/demo-jetstream/pkg/api/verifier/verifier_grpc.pb.go:81.77,83.3 1 0
github.com/balchua/demo-jetstream/pkg/infra/nats.go:17.66,20.16 2 0
github.com/balchua/demo-jetstream/pkg/infra/nats.go:24.2,25.16 2 0
github.com/balchua/demo-jetstream/pkg/infra/nats.go:29.2,30.16 2 0
github.com/balchua/demo-jetstream/pkg/infra/nats.go:34.2,39.22 2 0
github.com/balchua/demo-jetstream/pkg/infra/nats.go:20.16,22.3 1 0
github.com/balchua/demo-jetstream/pkg/infra/nats.go:25.16,27.3 1 0
github.com/balchua/demo-jetstream/pkg/infra/nats.go:30.16,32.3 1 0
github.com/balchua/demo-jetstream/pkg/infra/nats.go:42.52,44.16 1 0
github.com/balchua/demo-jetstream/pkg/infra/nats.go:48.2,52.16 3 0
github.com/balchua/demo-jetstream/pkg/infra/nats.go:56.2,56.12 1 0
github.com/balchua/demo-jetstream/pkg/infra/nats.go:44.16,46.3 1 0
github.com/balchua/demo-jetstream/pkg/infra/nats.go:52.16,54.3 1 0
github.com/balchua/demo-jetstream/pkg/infra/nats.go:59.40,60.36 1 0
github.com/balchua/demo-jetstream/pkg/infra/nats.go:60.36,62.3 1 0
github.com/balchua/demo-jetstream/pkg/infra/nats.go:65.66,68.16 3 0
github.com/balchua/demo-jetstream/pkg/infra/nats.go:71.2,71.12 1 0
github.com/balchua/demo-jetstream/pkg/infra/nats.go:68.16,70.3 1 0
github.com/balchua/demo-jetstream/pkg/infra/nats.go:74.89,78.16 3 0
github.com/balchua/demo-jetstream/pkg/infra/nats.go:88.2,88.27 1 0
github.com/balchua/demo-jetstream/pkg/infra/nats.go:94.2,94.26 1 0
github.com/balchua/demo-jetstream/pkg/infra/nats.go:78.16,82.34 1 0
github.com/balchua/demo-jetstream/pkg/infra/nats.go:82.34,85.4 2 0
github.com/balchua/demo-jetstream/pkg/infra/nats.go:88.27,93.3 2 0
github.com/balchua/demo-jetstream/pkg/infra/nats.go:98.28,100.2 1 0
github.com/balchua/demo-jetstream/pkg/test_util/test_util.go:9.13,14.2 3 1
github.com/balchua/demo-jetstream/pkg/api/verifier/mock_verifier.go:14.141,17.2 2 0
github.com/balchua/demo-jetstream/pkg/api/verifier/mock_verifier.go:19.43,21.2 1 0
